mpicc -Wall main.c sensor_node.c base_station.c -o mainOut -lm -fopenmp
--------------------------------------------------------------------------
WARNING: No preset parameters were found for the device that Open MPI
detected:

  Local host:            mk05
  Device name:           mlx5_0
  Device vendor ID:      0x02c9
  Device vendor part ID: 4120

Default device parameters will be used, which may result in lower
performance.  You can edit any of the files specified by the
btl_openib_device_param_files MCA parameter to set values for your
device.

NOTE: You can turn off this warning by setting the MCA parameter
      btl_openib_warn_no_device_params_found to 0.
--------------------------------------------------------------------------
--------------------------------------------------------------------------
No OpenFabrics connection schemes reported that they were able to be
used on a specific port.  As such, the openib BTL (OpenFabrics
support) will be disabled for this port.

  Local host:           mk05
  Local device:         mlx5_0
  Local port:           1
  CPCs attempted:       rdmacm, udcm
--------------------------------------------------------------------------
Cart rank: 13. Cart Coord: (3, 1).
Cart rank: 14. Cart Coord: (3, 2).
Cart rank: 15. Cart Coord: (3, 3).
Cart rank: 0. Cart Coord: (0, 0).
Cart rank 0 has random sea height 6391.271484 at time 10/15/21 09:15:32 UTC.
Cart rank: 1. Cart Coord: (0, 1).
Cart rank: 2. Cart Coord: (0, 2).
Cart rank: 3. Cart Coord: (0, 3).
Cart rank: 4. Cart Coord: (1, 0).
Cart rank: 5. Cart Coord: (1, 1).
Cart rank: 6. Cart Coord: (1, 2).
Cart rank: 7. Cart Coord: (1, 3).
Cart rank: 8. Cart Coord: (2, 0).
Cart rank: 9. Cart Coord: (2, 1).
Cart rank: 10. Cart Coord: (2, 2).
Cart rank: 11. Cart Coord: (2, 3).
Cart rank: 12. Cart Coord: (3, 0).
To terminate the program, change the value to 1 in sentinel.txt file.
Root Rank: 16. Comm Size: 17. Grid Dimension = [4 x 4]. Threshold: 6000.000000.
Cart rank 1 has random sea height 6254.578613 at time 10/15/21 09:15:33 UTC.
Cart rank 2 has random sea height 5605.087402 at time 10/15/21 09:15:34 UTC.
Cart rank 3 has random sea height 6467.507324 at time 10/15/21 09:15:35 UTC.
Cart rank 4 has random sea height 5826.824219 at time 10/15/21 09:15:36 UTC.
[mk05:23273] 16 more processes have sent help message help-mpi-btl-openib.txt / no device params found
[mk05:23273] Set MCA parameter "orte_base_help_aggregate" to 0 to see all help / error messages
[mk05:23273] 16 more processes have sent help message help-mpi-btl-openib-cpc-base.txt / no cpcs for port
Cart rank 0 has random sea height 5685.828613 at time 10/15/21 09:15:37 UTC.
Cart rank 5 has random sea height 5685.828613 at time 10/15/21 09:15:37 UTC.
Cart rank 6 has random sea height 6040.631836 at time 10/15/21 09:15:38 UTC.
Cart rank 1 has random sea height 6040.631836 at time 10/15/21 09:15:38 UTC.
Cart rank 7 has random sea height 5898.902832 at time 10/15/21 09:15:39 UTC.
Cart rank 2 has random sea height 5898.902832 at time 10/15/21 09:15:39 UTC.
Cart rank 8 has random sea height 5758.042969 at time 10/15/21 09:15:40 UTC.
Cart rank 3 has random sea height 5758.042969 at time 10/15/21 09:15:40 UTC.
Cart rank 9 has random sea height 5614.432129 at time 10/15/21 09:15:41 UTC.
Cart rank 4 has random sea height 5614.432129 at time 10/15/21 09:15:41 UTC.
Cart rank 0 has random sea height 5971.762207 at time 10/15/21 09:15:42 UTC.
Cart rank 5 has random sea height 5971.762207 at time 10/15/21 09:15:42 UTC.
Cart rank 10 has random sea height 5971.762207 at time 10/15/21 09:15:42 UTC.
Cart rank 11 has random sea height 5826.773926 at time 10/15/21 09:15:43 UTC.
Cart rank 6 has random sea height 5826.773926 at time 10/15/21 09:15:43 UTC.
Cart rank 1 has random sea height 5826.773926 at time 10/15/21 09:15:43 UTC.
Cart rank 12 has random sea height 6187.244141 at time 10/15/21 09:15:44 UTC.
Cart rank 7 has random sea height 6187.244141 at time 10/15/21 09:15:44 UTC.
Cart rank 2 has random sea height 6187.244141 at time 10/15/21 09:15:44 UTC.
Cart rank 13 has random sea height 6053.407715 at time 10/15/21 09:15:45 UTC.
Cart rank 8 has random sea height 6053.407715 at time 10/15/21 09:15:45 UTC.
Cart rank 3 has random sea height 6053.407715 at time 10/15/21 09:15:45 UTC.
Cart rank 14 has random sea height 5910.397461 at time 10/15/21 09:15:46 UTC.
Cart rank 9 has random sea height 5910.397461 at time 10/15/21 09:15:46 UTC.
Cart rank 4 has random sea height 5910.397461 at time 10/15/21 09:15:46 UTC.
Cart rank 15 has random sea height 6262.685059 at time 10/15/21 09:15:47 UTC.
Cart rank 10 has random sea height 6262.685059 at time 10/15/21 09:15:47 UTC.
Cart rank 0 has random sea height 6262.685059 at time 10/15/21 09:15:47 UTC.
Cart rank 5 has random sea height 6262.685059 at time 10/15/21 09:15:47 UTC.
Cart rank 11 has random sea height 6127.084473 at time 10/15/21 09:15:48 UTC.
Cart rank 1 has random sea height 6127.084473 at time 10/15/21 09:15:48 UTC.
Cart rank 6 has random sea height 6127.084473 at time 10/15/21 09:15:48 UTC.
Cart rank 12 has random sea height 6486.170898 at time 10/15/21 09:15:49 UTC.
Cart rank 7 has random sea height 6486.170898 at time 10/15/21 09:15:49 UTC.
Cart rank 2 has random sea height 6486.170898 at time 10/15/21 09:15:49 UTC.
Cart rank 13 has random sea height 5839.297363 at time 10/15/21 09:15:50 UTC.
Cart rank 8 has random sea height 5839.297363 at time 10/15/21 09:15:50 UTC.
Cart rank 3 has random sea height 5839.297363 at time 10/15/21 09:15:50 UTC.
Cart rank 14 has random sea height 5702.045410 at time 10/15/21 09:15:51 UTC.
Cart rank 9 has random sea height 5702.045410 at time 10/15/21 09:15:51 UTC.
Cart rank 4 has random sea height 5702.045410 at time 10/15/21 09:15:51 UTC.
Cart rank 15 has random sea height 5559.053711 at time 10/15/21 09:15:52 UTC.
Cart rank 10 has random sea height 5559.053711 at time 10/15/21 09:15:52 UTC.
Cart rank 0 has random sea height 5559.053711 at time 10/15/21 09:15:52 UTC.
Cart rank 5 has random sea height 5559.053711 at time 10/15/21 09:15:52 UTC.
Cart rank 11 has random sea height 6414.576172 at time 10/15/21 09:15:53 UTC.
Cart rank 1 has random sea height 6414.576172 at time 10/15/21 09:15:53 UTC.
Cart rank 6 has random sea height 6414.576172 at time 10/15/21 09:15:53 UTC.
Cart rank 12 has random sea height 6275.519531 at time 10/15/21 09:15:54 UTC.
Cart rank 7 has random sea height 6275.519531 at time 10/15/21 09:15:54 UTC.
Cart rank 2 has random sea height 6275.519531 at time 10/15/21 09:15:54 UTC.
Cart rank 13 has random sea height 5632.867188 at time 10/15/21 09:15:55 UTC.
Cart rank 3 has random sea height 5632.867188 at time 10/15/21 09:15:55 UTC.
Cart rank 8 has random sea height 5632.867188 at time 10/15/21 09:15:55 UTC.
Cart rank 14 has random sea height 6490.853027 at time 10/15/21 09:15:56 UTC.
Cart rank 9 has random sea height 6490.853027 at time 10/15/21 09:15:56 UTC.
Cart rank 4 has random sea height 6490.853027 at time 10/15/21 09:15:56 UTC.
Cart rank 15 has random sea height 5851.071289 at time 10/15/21 09:15:57 UTC.
Cart rank 0 has random sea height 5851.071289 at time 10/15/21 09:15:57 UTC.
Cart rank 10 has random sea height 5851.071289 at time 10/15/21 09:15:57 UTC.
Cart rank 5 has random sea height 5851.071289 at time 10/15/21 09:15:57 UTC.
Cart rank 11 has random sea height 5709.289062 at time 10/15/21 09:15:58 UTC.
Cart rank 1 has random sea height 5709.289062 at time 10/15/21 09:15:58 UTC.
Cart rank 6 has random sea height 5709.289062 at time 10/15/21 09:15:58 UTC.
Cart rank 7 has random sea height 5565.365234 at time 10/15/21 09:15:59 UTC.
Cart rank 12 has random sea height 5565.365234 at time 10/15/21 09:15:59 UTC.
Cart rank 2 has random sea height 5565.365234 at time 10/15/21 09:15:59 UTC.
Cart rank 13 has random sea height 5923.195801 at time 10/15/21 09:16:00 UTC.
Cart rank 3 has random sea height 5923.195801 at time 10/15/21 09:16:00 UTC.
Cart rank 8 has random sea height 5923.195801 at time 10/15/21 09:16:00 UTC.
Cart rank 14 has random sea height 5784.733398 at time 10/15/21 09:16:01 UTC.
Cart rank 4 has random sea height 5784.733398 at time 10/15/21 09:16:01 UTC.
Cart rank 9 has random sea height 5784.733398 at time 10/15/21 09:16:01 UTC.
Cart rank 15 has random sea height 5637.891113 at time 10/15/21 09:16:02 UTC.
Cart rank 5 has random sea height 5637.891113 at time 10/15/21 09:16:02 UTC.
Cart rank 0 has random sea height 5637.891113 at time 10/15/21 09:16:02 UTC.
Cart rank 10 has random sea height 5637.891113 at time 10/15/21 09:16:02 UTC.
Cart rank 11 has random sea height 5997.210449 at time 10/15/21 09:16:03 UTC.
Cart rank 6 has random sea height 5997.210449 at time 10/15/21 09:16:03 UTC.
Cart rank 1 has random sea height 5997.210449 at time 10/15/21 09:16:03 UTC.
Cart rank 1 has SMA 6052.878. Received top: -1.00, bottom: 5500.00, left: 5908.51, right: 5500.00.
Cart rank 12 has random sea height 5863.169434 at time 10/15/21 09:16:04 UTC.
Cart rank 7 has random sea height 5863.169434 at time 10/15/21 09:16:04 UTC.
Cart rank 2 has random sea height 5863.169434 at time 10/15/21 09:16:04 UTC.
Cart rank 13 has random sea height 6214.790039 at time 10/15/21 09:16:05 UTC.
Cart rank 3 has random sea height 6214.790039 at time 10/15/21 09:16:05 UTC.
Cart rank 8 has random sea height 6214.790039 at time 10/15/21 09:16:05 UTC.
Cart rank 14 has random sea height 6075.885742 at time 10/15/21 09:16:06 UTC.
Cart rank 4 has random sea height 6075.885742 at time 10/15/21 09:16:06 UTC.
Cart rank 9 has random sea height 6075.885742 at time 10/15/21 09:16:06 UTC.
Cart rank 15 has random sea height 6435.287109 at time 10/15/21 09:16:07 UTC.
Cart rank 10 has random sea height 6435.287109 at time 10/15/21 09:16:07 UTC.
Cart rank 5 has random sea height 6435.287109 at time 10/15/21 09:16:07 UTC.
Cart rank 0 has random sea height 6435.287109 at time 10/15/21 09:16:07 UTC.
Cart rank 11 has random sea height 6293.817383 at time 10/15/21 09:16:08 UTC.
Cart rank 6 has random sea height 6293.817383 at time 10/15/21 09:16:08 UTC.
Cart rank 6 has SMA 6058.483. Received top: 5983.07, bottom: 5500.00, left: 5914.80, right: 5500.00.
Cart rank 1 has random sea height 6293.817383 at time 10/15/21 09:16:08 UTC.
Cart rank 1 has SMA 6058.483. Received top: -1.00, bottom: 5914.80, left: 5914.80, right: 5983.07.
Cart rank 12 has random sea height 6150.610352 at time 10/15/21 09:16:09 UTC.
Cart rank 7 has random sea height 6150.610352 at time 10/15/21 09:16:09 UTC.
Cart rank 7 has SMA 6060.997. Received top: 5984.16, bottom: 5500.00, left: 6058.48, right: -1.00.
Cart rank 2 has random sea height 6150.610352 at time 10/15/21 09:16:09 UTC.
Cart rank 2 has SMA 6060.997. Received top: -1.00, bottom: 6058.48, left: 6058.48, right: 5984.16.
Cart rank 2 sends report to base station.
	Alert time: 1634289369.02, Number of matches: 2, Coord: (0, 2)
Cart rank 13 has random sea height 6007.401367 at time 10/15/21 09:16:10 UTC.
Cart rank 3 has random sea height 6007.401367 at time 10/15/21 09:16:10 UTC.
Cart rank 8 has random sea height 6007.401367 at time 10/15/21 09:16:10 UTC.
BASE STATION received 2 report:
	Alert time: 1634289369.02, Number of matches: 2, Rank: 2, Coord: (0, 2)
Cart rank 14 has random sea height 5862.669922 at time 10/15/21 09:16:11 UTC.
Cart rank 4 has random sea height 5862.669922 at time 10/15/21 09:16:11 UTC.
Cart rank 9 has random sea height 5862.669922 at time 10/15/21 09:16:11 UTC.
Cart rank 15 has random sea height 6227.214355 at time 10/15/21 09:16:12 UTC.
Cart rank 0 has random sea height 6227.214355 at time 10/15/21 09:16:12 UTC.
Cart rank 10 has random sea height 6227.214355 at time 10/15/21 09:16:12 UTC.
Cart rank 5 has random sea height 6227.214355 at time 10/15/21 09:16:12 UTC.
Cart rank 11 has random sea height 6085.756348 at time 10/15/21 09:16:13 UTC.
Cart rank 11 has SMA 6064.930. Received top: 6061.00, bottom: 5500.00, left: 5992.14, right: -1.00.
Cart rank 6 has random sea height 6085.756348 at time 10/15/21 09:16:13 UTC.
Cart rank 6 has SMA 6064.930. Received top: 6061.00, bottom: 5992.14, left: 5992.14, right: 6061.00.
Cart rank 1 has random sea height 6085.756348 at time 10/15/21 09:16:13 UTC.
Cart rank 1 has SMA 6064.930. Received top: -1.00, bottom: 5992.14, left: 5992.14, right: 6061.00.
Cart rank 6 sends report to base station.
	Alert time: 1634289373.02, Number of matches: 2, Coord: (1, 2)
BASE STATION received 6 report:
	Alert time: 1634289373.02, Number of matches: 2, Rank: 6, Coord: (1, 2)
Cart rank 7 has random sea height 6440.890625 at time 10/15/21 09:16:14 UTC.
Cart rank 7 has SMA 6138.424. Received top: 5918.43, bottom: 6064.93, left: 6064.93, right: -1.00.
Cart rank 7 sends report to base station.
	Alert time: 1634289374.02, Number of matches: 2, Coord: (1, 3)
Cart rank 12 has random sea height 6440.890625 at time 10/15/21 09:16:14 UTC.
Cart rank 12 has SMA 6138.424. Received top: 5918.43, bottom: -1.00, left: -1.00, right: 5500.00.
Cart rank 2 has random sea height 6440.890625 at time 10/15/21 09:16:14 UTC.
Cart rank 2 has SMA 6138.425. Received top: -1.00, bottom: 6064.93, left: 6064.93, right: 5918.43.
Cart rank 2 sends report to base station.
	Alert time: 1634289374.05, Number of matches: 2, Coord: (0, 2)
BASE STATION received 7 report:
	Alert time: 1634289374.02, Number of matches: 2, Rank: 7, Coord: (1, 3)
Cart rank 13 has random sea height 6298.929199 at time 10/15/21 09:16:15 UTC.
Cart rank 8 has random sea height 6298.929199 at time 10/15/21 09:16:15 UTC.
Cart rank 3 has random sea height 6298.929199 at time 10/15/21 09:16:15 UTC.
BASE STATION received 2 report:
	Alert time: 1634289374.05, Number of matches: 2, Rank: 2, Coord: (0, 2)
Cart rank 14 has random sea height 6154.397461 at time 10/15/21 09:16:16 UTC.
Cart rank 4 has random sea height 6154.397461 at time 10/15/21 09:16:16 UTC.
Cart rank 9 has random sea height 6154.397461 at time 10/15/21 09:16:16 UTC.
Cart rank 15 has random sea height 6018.265137 at time 10/15/21 09:16:17 UTC.
Cart rank 5 has random sea height 6018.265137 at time 10/15/21 09:16:17 UTC.
Cart rank 0 has random sea height 6018.265137 at time 10/15/21 09:16:17 UTC.
Cart rank 10 has random sea height 6018.265137 at time 10/15/21 09:16:17 UTC.
Cart rank 11 has random sea height 6376.312012 at time 10/15/21 09:16:18 UTC.
Cart rank 11 has SMA 6143.435. Received top: 6138.42, bottom: 5998.78, left: 5998.78, right: -1.00.
Cart rank 1 has random sea height 6376.312012 at time 10/15/21 09:16:18 UTC.
Cart rank 1 has SMA 6143.435. Received top: -1.00, bottom: 5998.78, left: 5998.78, right: 6138.42.
Cart rank 6 has random sea height 6376.312012 at time 10/15/21 09:16:18 UTC.
Cart rank 6 has SMA 6143.435. Received top: 6138.42, bottom: 5998.78, left: 5998.78, right: 6138.42.
Cart rank 6 sends report to base station.
	Alert time: 1634289378.03, Number of matches: 2, Coord: (1, 2)
BASE STATION received 6 report:
	Alert time: 1634289378.03, Number of matches: 2, Rank: 6, Coord: (1, 2)
Cart rank 7 has random sea height 5736.162109 at time 10/15/21 09:16:19 UTC.
Cart rank 7 has SMA 6073.984. Received top: 5995.70, bottom: 6143.44, left: 6143.43, right: -1.00.
Cart rank 7 sends report to base station.
	Alert time: 1634289379.02, Number of matches: 2, Coord: (1, 3)
Cart rank 12 has random sea height 5736.162109 at time 10/15/21 09:16:19 UTC.
Cart rank 12 has SMA 6073.984. Received top: 5995.70, bottom: -1.00, left: -1.00, right: 5995.70.
Cart rank 2 has random sea height 5736.162109 at time 10/15/21 09:16:19 UTC.
Cart rank 2 has SMA 6073.984. Received top: -1.00, bottom: 6143.43, left: 6143.44, right: 5995.70.
Cart rank 2 sends report to base station.
	Alert time: 1634289379.05, Number of matches: 2, Coord: (0, 2)
BASE STATION received 7 report:
	Alert time: 1634289379.02, Number of matches: 2, Rank: 7, Coord: (1, 3)
Cart rank 13 has random sea height 5591.714844 at time 10/15/21 09:16:20 UTC.
Cart rank 8 has random sea height 5591.714844 at time 10/15/21 09:16:20 UTC.
Cart rank 3 has random sea height 5591.714844 at time 10/15/21 09:16:20 UTC.
BASE STATION received 2 report:
	Alert time: 1634289379.05, Number of matches: 2, Rank: 2, Coord: (0, 2)
Cart rank 14 has random sea height 6453.531738 at time 10/15/21 09:16:21 UTC.
Cart rank 14 has SMA 6074.874. Received top: 5998.78, bottom: -1.00, left: 5929.74, right: 5998.78.
Cart rank 4 has random sea height 6453.531738 at time 10/15/21 09:16:21 UTC.
Cart rank 4 has SMA 6074.874. Received top: 5998.78, bottom: 5929.74, left: -1.00, right: 5998.78.
Cart rank 9 has random sea height 6453.531738 at time 10/15/21 09:16:21 UTC.
Cart rank 9 has SMA 6074.874. Received top: 5998.78, bottom: 5929.74, left: 5929.74, right: 5998.78.
Cart rank 15 has random sea height 5810.124023 at time 10/15/21 09:16:22 UTC.
Cart rank 10 has random sea height 5810.124023 at time 10/15/21 09:16:22 UTC.
Cart rank 5 has random sea height 5810.124023 at time 10/15/21 09:16:22 UTC.
Cart rank 0 has random sea height 5810.124023 at time 10/15/21 09:16:22 UTC.
Cart rank 11 has random sea height 5666.577148 at time 10/15/21 09:16:23 UTC.
Cart rank 11 has SMA 6077.648. Received top: 6073.98, bottom: 5934.13, left: 5934.13, right: -1.00.
Cart rank 1 has random sea height 5666.577148 at time 10/15/21 09:16:23 UTC.
Cart rank 1 has SMA 6077.648. Received top: -1.00, bottom: 5934.13, left: 5934.13, right: 6073.98.
Cart rank 6 has random sea height 5666.577148 at time 10/15/21 09:16:23 UTC.
Cart rank 6 has SMA 6077.648. Received top: 6073.98, bottom: 5934.13, left: 5934.13, right: 6073.98.
Cart rank 6 sends report to base station.
	Alert time: 1634289383.03, Number of matches: 2, Coord: (1, 2)
BASE STATION received 6 report:
	Alert time: 1634289383.03, Number of matches: 2, Rank: 6, Coord: (1, 2)
Cart rank 7 has random sea height 5524.344727 at time 10/15/21 09:16:24 UTC.
Cart rank 12 has random sea height 5524.344727 at time 10/15/21 09:16:24 UTC.
Cart rank 2 has random sea height 5524.344727 at time 10/15/21 09:16:24 UTC.
Cart rank 13 has random sea height 5886.499023 at time 10/15/21 09:16:25 UTC.
Cart rank 8 has random sea height 5886.499023 at time 10/15/21 09:16:25 UTC.
Cart rank 3 has random sea height 5886.499023 at time 10/15/21 09:16:25 UTC.
Cart rank 14 has random sea height 6246.996582 at time 10/15/21 09:16:26 UTC.
Cart rank 14 has SMA 6152.724. Received top: 5934.13, bottom: -1.00, left: 5936.49, right: 5934.13.
Cart rank 4 has random sea height 6246.996582 at time 10/15/21 09:16:26 UTC.
Cart rank 4 has SMA 6152.724. Received top: 5934.13, bottom: 5936.49, left: -1.00, right: 5934.13.
Cart rank 9 has random sea height 6246.996582 at time 10/15/21 09:16:26 UTC.
Cart rank 9 has SMA 6152.724. Received top: 5934.13, bottom: 5936.49, left: 5936.49, right: 5934.13.
Cart rank 15 has random sea height 5598.211914 at time 10/15/21 09:16:27 UTC.
Cart rank 0 has random sea height 5598.211914 at time 10/15/21 09:16:27 UTC.
Cart rank 5 has random sea height 5598.211914 at time 10/15/21 09:16:27 UTC.
Cart rank 10 has random sea height 5598.211914 at time 10/15/21 09:16:27 UTC.
Cart rank 11 has random sea height 6459.352539 at time 10/15/21 09:16:28 UTC.
Cart rank 11 has SMA 6084.045. Received top: 5936.58, bottom: 5939.72, left: 5939.72, right: -1.00.
Cart rank 1 has random sea height 6459.352539 at time 10/15/21 09:16:28 UTC.
Cart rank 1 has SMA 6084.045. Received top: -1.00, bottom: 5939.72, left: 5939.72, right: 5936.58.
Cart rank 6 has random sea height 6459.352539 at time 10/15/21 09:16:28 UTC.
Cart rank 6 has SMA 6084.044. Received top: 5936.58, bottom: 5939.72, left: 5939.72, right: 5936.58.
Cart rank 7 has random sea height 6317.586914 at time 10/15/21 09:16:29 UTC.
Cart rank 12 has random sea height 6317.586914 at time 10/15/21 09:16:29 UTC.
Cart rank 2 has random sea height 6317.586914 at time 10/15/21 09:16:29 UTC.
Cart rank 13 has random sea height 6179.312012 at time 10/15/21 09:16:30 UTC.
Cart rank 13 has SMA 6014.549. Received top: 6152.72, bottom: -1.00, left: 5942.59, right: 6152.72.
Cart rank 8 has random sea height 6179.312012 at time 10/15/21 09:16:30 UTC.
Cart rank 8 has SMA 6014.549. Received top: 6152.72, bottom: 5942.59, left: -1.00, right: 6152.72.
Cart rank 3 has random sea height 6179.312012 at time 10/15/21 09:16:30 UTC.
Cart rank 3 has SMA 6014.548. Received top: -1.00, bottom: 5942.59, left: 5942.59, right: -1.00.
Cart rank 14 has random sea height 5532.888672 at time 10/15/21 09:16:31 UTC.
Cart rank 14 has SMA 6015.873. Received top: 5939.72, bottom: -1.00, left: 6014.55, right: 5939.72.
Cart rank 4 has random sea height 5532.888672 at time 10/15/21 09:16:31 UTC.
Cart rank 4 has SMA 6015.872. Received top: 5939.72, bottom: 6014.55, left: -1.00, right: 5939.72.
Cart rank 9 has random sea height 5532.888672 at time 10/15/21 09:16:31 UTC.
Cart rank 9 has SMA 6015.872. Received top: 5939.72, bottom: 6014.55, left: 6014.55, right: 5939.72.
Cart rank 9 sends report to base station.
	Alert time: 1634289391.02, Number of matches: 2, Coord: (2, 1)
Cart rank 15 has random sea height 5895.187988 at time 10/15/21 09:16:32 UTC.
Cart rank 0 has random sea height 5895.187988 at time 10/15/21 09:16:32 UTC.
Cart rank 5 has random sea height 5895.187988 at time 10/15/21 09:16:32 UTC.
Cart rank 10 has random sea height 5895.187988 at time 10/15/21 09:16:32 UTC.
Cart rank 11 has random sea height 6253.416504 at time 10/15/21 09:16:33 UTC.
Cart rank 11 has SMA 6161.778. Received top: 5942.59, bottom: 5946.03, left: 5946.03, right: -1.00.
Cart rank 1 has random sea height 6253.416504 at time 10/15/21 09:16:33 UTC.
Cart rank 1 has SMA 6161.778. Received top: -1.00, bottom: 5946.03, left: 5946.03, right: 5942.59.
Cart rank 6 has random sea height 6253.416504 at time 10/15/21 09:16:33 UTC.
Cart rank 6 has SMA 6161.777. Received top: 5942.59, bottom: 5946.03, left: 5946.03, right: 5942.59.
BASE STATION received 9 report:
	Alert time: 1634289391.02, Number of matches: 2, Rank: 9, Coord: (2, 1)
Cart rank 7 has random sea height 6109.755371 at time 10/15/21 09:16:34 UTC.
Cart rank 7 has SMA 6020.360. Received top: 6014.55, bottom: 6161.78, left: 6161.78, right: -1.00.
Cart rank 12 has random sea height 6109.755371 at time 10/15/21 09:16:34 UTC.
Cart rank 12 has SMA 6020.360. Received top: 6014.55, bottom: -1.00, left: -1.00, right: 6014.55.
Cart rank 12 sends report to base station.
	Alert time: 1634289394.02, Number of matches: 2, Coord: (3, 0)
Cart rank 2 has random sea height 6109.755371 at time 10/15/21 09:16:34 UTC.
Cart rank 2 has SMA 6020.359. Received top: -1.00, bottom: 6161.78, left: 6161.78, right: 6014.55.
BASE STATION received 12 report:
	Alert time: 1634289394.02, Number of matches: 2, Rank: 12, Coord: (3, 0)
Cart rank 13 has random sea height 6470.745117 at time 10/15/21 09:16:35 UTC.
Cart rank 13 has SMA 6092.770. Received top: 6015.87, bottom: -1.00, left: 6020.36, right: 6015.87.
Cart rank 8 has random sea height 6470.745117 at time 10/15/21 09:16:35 UTC.
Cart rank 8 has SMA 6092.771. Received top: 6015.87, bottom: 6020.36, left: -1.00, right: 6015.87.
Cart rank 8 sends report to base station.
	Alert time: 1634289395.02, Number of matches: 3, Coord: (2, 0)
Cart rank 3 has random sea height 6470.745117 at time 10/15/21 09:16:35 UTC.
Cart rank 3 has SMA 6092.770. Received top: -1.00, bottom: 6020.36, left: 6020.36, right: -1.00.
Cart rank 3 sends report to base station.
	Alert time: 1634289395.02, Number of matches: 2, Coord: (0, 3)
Cart rank 13 sends report to base station.
	Alert time: 1634289395.02, Number of matches: 3, Coord: (3, 1)
BASE STATION received 3 report:
	Alert time: 1634289395.02, Number of matches: 2, Rank: 3, Coord: (0, 3)
Cart rank 14 has random sea height 5828.243164 at time 10/15/21 09:16:36 UTC.
Cart rank 14 has SMA 6022.088. Received top: 5946.03, bottom: -1.00, left: 6092.77, right: 5946.03.
Cart rank 4 has random sea height 5828.243164 at time 10/15/21 09:16:36 UTC.
Cart rank 4 has SMA 6022.087. Received top: 5946.03, bottom: 6092.77, left: -1.00, right: 5946.03.
Cart rank 9 has random sea height 5828.243164 at time 10/15/21 09:16:36 UTC.
Cart rank 9 has SMA 6022.088. Received top: 5946.03, bottom: 6092.77, left: 6092.77, right: 5946.03.
Cart rank 9 sends report to base station.
	Alert time: 1634289396.07, Number of matches: 2, Coord: (2, 1)
BASE STATION received 8 report:
	Alert time: 1634289395.02, Number of matches: 3, Rank: 8, Coord: (2, 0)
Cart rank 15 has random sea height 5685.846191 at time 10/15/21 09:16:37 UTC.
Cart rank 10 has random sea height 5685.846191 at time 10/15/21 09:16:37 UTC.
Cart rank 0 has random sea height 5685.846191 at time 10/15/21 09:16:37 UTC.
Cart rank 5 has random sea height 5685.846191 at time 10/15/21 09:16:37 UTC.
BASE STATION received 13 report:
	Alert time: 1634289395.02, Number of matches: 3, Rank: 13, Coord: (3, 1)
Cart rank 11 has random sea height 6046.087402 at time 10/15/21 09:16:38 UTC.
Cart rank 11 has SMA 6168.760. Received top: 6020.36, bottom: 5952.88, left: 5952.88, right: -1.00.
Cart rank 1 has random sea height 6046.087402 at time 10/15/21 09:16:38 UTC.
Cart rank 1 has SMA 6168.760. Received top: -1.00, bottom: 5952.88, left: 5952.88, right: 6020.36.
Cart rank 6 has random sea height 6046.087402 at time 10/15/21 09:16:38 UTC.
Cart rank 6 has SMA 6168.759. Received top: 6020.36, bottom: 5952.88, left: 5952.88, right: 6020.36.
BASE STATION received 9 report:
	Alert time: 1634289396.07, Number of matches: 2, Rank: 9, Coord: (2, 1)
Cart rank 7 has random sea height 6402.857422 at time 10/15/21 09:16:39 UTC.
Cart rank 7 has SMA 6097.458. Received top: 6092.77, bottom: 6168.76, left: 6168.76, right: -1.00.
Cart rank 7 sends report to base station.
	Alert time: 1634289399.02, Number of matches: 3, Coord: (1, 3)
Cart rank 12 has random sea height 6402.857422 at time 10/15/21 09:16:39 UTC.
Cart rank 12 has SMA 6097.458. Received top: 6092.77, bottom: -1.00, left: -1.00, right: 6092.77.
Cart rank 12 sends report to base station.
	Alert time: 1634289399.02, Number of matches: 2, Coord: (3, 0)
Cart rank 2 has random sea height 6402.857422 at time 10/15/21 09:16:39 UTC.
Cart rank 2 has SMA 6097.458. Received top: -1.00, bottom: 6168.76, left: 6168.76, right: 6092.77.
Cart rank 2 sends report to base station.
	Alert time: 1634289399.05, Number of matches: 3, Coord: (0, 2)
BASE STATION received 7 report:
	Alert time: 1634289399.02, Number of matches: 3, Rank: 7, Coord: (1, 3)
Cart rank 3 has random sea height 6259.626465 at time 10/15/21 09:16:40 UTC.
Cart rank 3 has SMA 6099.175. Received top: -1.00, bottom: 6097.46, left: 6097.46, right: -1.00.
Cart rank 3 sends report to base station.
	Alert time: 1634289400.02, Number of matches: 2, Coord: (0, 3)
Cart rank 8 has random sea height 6259.626465 at time 10/15/21 09:16:40 UTC.
Cart rank 8 has SMA 6099.176. Received top: 6022.09, bottom: 6097.46, left: -1.00, right: 6022.09.
Cart rank 8 sends report to base station.
	Alert time: 1634289400.02, Number of matches: 3, Coord: (2, 0)
Cart rank 13 has random sea height 6259.626465 at time 10/15/21 09:16:40 UTC.
Cart rank 13 has SMA 6099.175. Received top: 6022.09, bottom: -1.00, left: 6097.46, right: 6022.09.
Cart rank 13 sends report to base station.
	Alert time: 1634289400.24, Number of matches: 3, Coord: (3, 1)
BASE STATION received 12 report:
	Alert time: 1634289399.02, Number of matches: 2, Rank: 12, Coord: (3, 0)
Cart rank 14 has random sea height 6119.541016 at time 10/15/21 09:16:41 UTC.
Cart rank 14 has SMA 6028.324. Received top: 5952.88, bottom: -1.00, left: 6099.18, right: 5952.88.
Cart rank 4 has random sea height 6119.541016 at time 10/15/21 09:16:41 UTC.
Cart rank 4 has SMA 6028.324. Received top: 5952.88, bottom: 6099.18, left: -1.00, right: 5952.88.
Cart rank 9 has random sea height 6119.541016 at time 10/15/21 09:16:41 UTC.
Cart rank 9 has SMA 6028.325. Received top: 5952.88, bottom: 6099.18, left: 6099.18, right: 5952.88.
Cart rank 9 sends report to base station.
	Alert time: 1634289401.07, Number of matches: 2, Coord: (2, 1)
BASE STATION received 2 report:
	Alert time: 1634289399.05, Number of matches: 3, Rank: 2, Coord: (0, 2)
Cart rank 15 has random sea height 6475.848633 at time 10/15/21 09:16:42 UTC.
Cart rank 10 has random sea height 6475.848633 at time 10/15/21 09:16:42 UTC.
Cart rank 0 has random sea height 6475.848633 at time 10/15/21 09:16:42 UTC.
Cart rank 5 has random sea height 6475.848633 at time 10/15/21 09:16:42 UTC.
BASE STATION received 3 report:
	Alert time: 1634289400.02, Number of matches: 2, Rank: 3, Coord: (0, 3)
Cart rank 11 has random sea height 5832.247559 at time 10/15/21 09:16:43 UTC.
Cart rank 11 has SMA 6102.821. Received top: 6097.46, bottom: 5958.67, left: 5958.67, right: -1.00.
Cart rank 1 has random sea height 5832.247559 at time 10/15/21 09:16:43 UTC.
Cart rank 1 has SMA 6102.821. Received top: -1.00, bottom: 5958.67, left: 5958.67, right: 6097.46.
Cart rank 6 has random sea height 5832.247559 at time 10/15/21 09:16:43 UTC.
Cart rank 6 has SMA 6102.821. Received top: 6097.46, bottom: 5958.67, left: 5958.67, right: 6097.46.
Cart rank 6 sends report to base station.
	Alert time: 1634289403.03, Number of matches: 2, Coord: (1, 2)
BASE STATION received 8 report:
	Alert time: 1634289400.02, Number of matches: 3, Rank: 8, Coord: (2, 0)
Cart rank 7 has random sea height 5693.212402 at time 10/15/21 09:16:44 UTC.
Cart rank 7 has SMA 6032.116. Received top: 6099.18, bottom: 6102.82, left: 6102.82, right: -1.00.
Cart rank 7 sends report to base station.
	Alert time: 1634289404.02, Number of matches: 3, Coord: (1, 3)
Cart rank 12 has random sea height 5693.212402 at time 10/15/21 09:16:44 UTC.
Cart rank 12 has SMA 6032.116. Received top: 6099.18, bottom: -1.00, left: -1.00, right: 6099.18.
Cart rank 12 sends report to base station.
	Alert time: 1634289404.02, Number of matches: 2, Coord: (3, 0)
Cart rank 2 has random sea height 5693.212402 at time 10/15/21 09:16:44 UTC.
Cart rank 2 has SMA 6032.115. Received top: -1.00, bottom: 6102.82, left: 6102.82, right: 6099.18.
Cart rank 2 sends report to base station.
	Alert time: 1634289404.05, Number of matches: 3, Coord: (0, 2)
BASE STATION received 13 report:
	Alert time: 1634289400.24, Number of matches: 3, Rank: 13, Coord: (3, 1)
Cart rank 8 has random sea height 5552.066895 at time 10/15/21 09:16:45 UTC.
Cart rank 8 has SMA 6034.128. Received top: 6028.32, bottom: 6032.12, left: -1.00, right: 6028.32.
Cart rank 8 sends report to base station.
	Alert time: 1634289405.02, Number of matches: 3, Coord: (2, 0)
Cart rank 3 has random sea height 5552.066895 at time 10/15/21 09:16:45 UTC.
Cart rank 3 has SMA 6034.128. Received top: -1.00, bottom: 6032.12, left: 6032.11, right: -1.00.
Cart rank 3 sends report to base station.
	Alert time: 1634289405.02, Number of matches: 2, Coord: (0, 3)
Cart rank 13 has random sea height 5552.066895 at time 10/15/21 09:16:45 UTC.
Cart rank 13 has SMA 6034.128. Received top: 6028.32, bottom: -1.00, left: 6032.12, right: 6028.32.
Cart rank 13 sends report to base station.
	Alert time: 1634289405.24, Number of matches: 3, Coord: (3, 1)
BASE STATION received 13 report:
	Alert time: 1634289405.24, Number of matches: 3, Rank: 13, Coord: (3, 1)
Cart rank 14 has random sea height 5908.419922 at time 10/15/21 09:16:46 UTC.
Cart rank 14 has SMA 6034.860. Received top: 5958.67, bottom: -1.00, left: 6034.13, right: 5958.67.
Cart rank 4 has random sea height 5908.419922 at time 10/15/21 09:16:46 UTC.
Cart rank 4 has SMA 6034.859. Received top: 5958.67, bottom: 6034.13, left: -1.00, right: 5958.67.
Cart rank 9 has random sea height 5908.419922 at time 10/15/21 09:16:46 UTC.
Cart rank 9 has SMA 6034.860. Received top: 5958.67, bottom: 6034.13, left: 6034.13, right: 5958.67.
Cart rank 9 sends report to base station.
	Alert time: 1634289406.07, Number of matches: 2, Coord: (2, 1)
BASE STATION received 9 report:
	Alert time: 1634289401.07, Number of matches: 2, Rank: 9, Coord: (2, 1)
Cart rank 15 has random sea height 6264.559082 at time 10/15/21 09:16:47 UTC.
Cart rank 10 has random sea height 6264.559082 at time 10/15/21 09:16:47 UTC.
Cart rank 0 has random sea height 6264.559082 at time 10/15/21 09:16:47 UTC.
Cart rank 5 has random sea height 6264.559082 at time 10/15/21 09:16:47 UTC.
BASE STATION received 9 report:
	Alert time: 1634289406.07, Number of matches: 2, Rank: 9, Coord: (2, 1)
Cart rank 11 has random sea height 5625.977539 at time 10/15/21 09:16:48 UTC.
Cart rank 11 has SMA 6037.138. Received top: 6032.12, bottom: 5964.01, left: 5964.01, right: -1.00.
Cart rank 1 has random sea height 5625.977539 at time 10/15/21 09:16:48 UTC.
Cart rank 1 has SMA 6037.138. Received top: -1.00, bottom: 5964.01, left: 5964.01, right: 6032.11.
Cart rank 6 has random sea height 5625.977539 at time 10/15/21 09:16:48 UTC.
Cart rank 6 has SMA 6037.138. Received top: 6032.11, bottom: 5964.01, left: 5964.01, right: 6032.12.
Cart rank 6 sends report to base station.
	Alert time: 1634289408.03, Number of matches: 2, Coord: (1, 2)
BASE STATION received 6 report:
	Alert time: 1634289403.03, Number of matches: 2, Rank: 6, Coord: (1, 2)
Cart rank 7 has random sea height 6489.069336 at time 10/15/21 09:16:49 UTC.
Cart rank 7 has SMA 6038.999. Received top: 6034.13, bottom: 6037.14, left: 6037.14, right: -1.00.
Cart rank 7 sends report to base station.
	Alert time: 1634289409.02, Number of matches: 3, Coord: (1, 3)
Cart rank 12 has random sea height 6489.069336 at time 10/15/21 09:16:49 UTC.
Cart rank 12 has SMA 6038.999. Received top: 6034.13, bottom: -1.00, left: -1.00, right: 6034.13.
Cart rank 12 sends report to base station.
	Alert time: 1634289409.02, Number of matches: 2, Coord: (3, 0)
Cart rank 2 has random sea height 6489.069336 at time 10/15/21 09:16:49 UTC.
Cart rank 2 has SMA 6038.998. Received top: -1.00, bottom: 6037.14, left: 6037.14, right: 6034.13.
Cart rank 2 sends report to base station.
	Alert time: 1634289409.05, Number of matches: 3, Coord: (0, 2)
BASE STATION received 6 report:
	Alert time: 1634289408.03, Number of matches: 2, Rank: 6, Coord: (1, 2)
Cart rank 3 has random sea height 6348.139160 at time 10/15/21 09:16:50 UTC.
Cart rank 3 has SMA 6041.158. Received top: -1.00, bottom: 6039.00, left: 6039.00, right: -1.00.
Cart rank 3 sends report to base station.
	Alert time: 1634289410.02, Number of matches: 2, Coord: (0, 3)
Cart rank 8 has random sea height 6348.139160 at time 10/15/21 09:16:50 UTC.
Cart rank 8 has SMA 6041.157. Received top: 6034.86, bottom: 6039.00, left: -1.00, right: 6034.86.
Cart rank 8 sends report to base station.
	Alert time: 1634289410.02, Number of matches: 3, Coord: (2, 0)
Cart rank 13 has random sea height 6348.139160 at time 10/15/21 09:16:50 UTC.
Cart rank 13 has SMA 6041.158. Received top: 6034.86, bottom: -1.00, left: 6039.00, right: 6034.86.
Cart rank 13 sends report to base station.
	Alert time: 1634289410.24, Number of matches: 3, Coord: (3, 1)
BASE STATION received 7 report:
	Alert time: 1634289404.02, Number of matches: 3, Rank: 7, Coord: (1, 3)
Cart rank 14 has random sea height 5701.043457 at time 10/15/21 09:16:51 UTC.
Cart rank 4 has random sea height 5701.043457 at time 10/15/21 09:16:51 UTC.
Cart rank 9 has random sea height 5701.043457 at time 10/15/21 09:16:51 UTC.
BASE STATION received 7 report:
	Alert time: 1634289409.02, Number of matches: 3, Rank: 7, Coord: (1, 3)
Cart rank 15 has random sea height 6061.566895 at time 10/15/21 09:16:52 UTC.
Cart rank 5 has random sea height 6061.566895 at time 10/15/21 09:16:52 UTC.
Cart rank 10 has random sea height 6061.566895 at time 10/15/21 09:16:52 UTC.
Cart rank 0 has random sea height 6061.566895 at time 10/15/21 09:16:52 UTC.
BASE STATION received 12 report:
	Alert time: 1634289404.02, Number of matches: 2, Rank: 12, Coord: (3, 0)
Cart rank 11 has random sea height 5920.237793 at time 10/15/21 09:16:53 UTC.
Cart rank 1 has random sea height 5920.237793 at time 10/15/21 09:16:53 UTC.
Cart rank 6 has random sea height 5920.237793 at time 10/15/21 09:16:53 UTC.
BASE STATION received 12 report:
	Alert time: 1634289409.02, Number of matches: 2, Rank: 12, Coord: (3, 0)
Cart rank 7 has random sea height 6283.021973 at time 10/15/21 09:16:54 UTC.
Cart rank 7 has SMA 6117.121. Received top: 6041.16, bottom: 5971.98, left: 5971.98, right: -1.00.
Cart rank 12 has random sea height 6283.021973 at time 10/15/21 09:16:54 UTC.
Cart rank 12 has SMA 6117.121. Received top: 6041.16, bottom: -1.00, left: -1.00, right: 6041.16.
Cart rank 12 sends report to base station.
	Alert time: 1634289414.02, Number of matches: 2, Coord: (3, 0)
Cart rank 2 has random sea height 6283.021973 at time 10/15/21 09:16:54 UTC.
Cart rank 2 has SMA 6117.121. Received top: -1.00, bottom: 5971.98, left: 5971.98, right: 6041.16.
BASE STATION received 12 report:
	Alert time: 1634289414.02, Number of matches: 2, Rank: 12, Coord: (3, 0)
Cart rank 8 has random sea height 5633.475098 at time 10/15/21 09:16:55 UTC.
Cart rank 8 has SMA 6047.124. Received top: 5970.09, bottom: 6117.12, left: -1.00, right: 5970.09.
Cart rank 3 has random sea height 5633.475098 at time 10/15/21 09:16:55 UTC.
Cart rank 3 has SMA 6047.124. Received top: -1.00, bottom: 6117.12, left: 6117.12, right: -1.00.
Cart rank 3 sends report to base station.
	Alert time: 1634289415.02, Number of matches: 2, Coord: (0, 3)
Cart rank 13 has random sea height 5633.475098 at time 10/15/21 09:16:55 UTC.
Cart rank 13 has SMA 6047.124. Received top: 5970.09, bottom: -1.00, left: 6117.12, right: 5970.09.
BASE STATION received 2 report:
	Alert time: 1634289404.05, Number of matches: 3, Rank: 2, Coord: (0, 2)
Cart rank 14 has random sea height 5996.019531 at time 10/15/21 09:16:56 UTC.
Cart rank 4 has random sea height 5996.019531 at time 10/15/21 09:16:56 UTC.
Cart rank 9 has random sea height 5996.019531 at time 10/15/21 09:16:56 UTC.
BASE STATION received 2 report:
	Alert time: 1634289409.05, Number of matches: 3, Rank: 2, Coord: (0, 2)
Cart rank 15 has random sea height 6352.434570 at time 10/15/21 09:16:57 UTC.
Cart rank 15 has SMA 6047.665. Received top: 5971.98, bottom: -1.00, left: 5904.74, right: -1.00.
Cart rank 10 has random sea height 6352.434570 at time 10/15/21 09:16:57 UTC.
Cart rank 10 has SMA 6047.665. Received top: 5971.98, bottom: 5904.74, left: 5904.74, right: 5971.98.
Cart rank 0 has random sea height 6352.434570 at time 10/15/21 09:16:57 UTC.
Cart rank 0 has SMA 6047.665. Received top: -1.00, bottom: 5904.74, left: -1.00, right: 5971.98.
Cart rank 5 has random sea height 6352.434570 at time 10/15/21 09:16:57 UTC.
Cart rank 5 has SMA 6047.665. Received top: 5971.98, bottom: 5904.74, left: 5904.74, right: 5971.98.
BASE STATION received 3 report:
	Alert time: 1634289405.02, Number of matches: 2, Rank: 3, Coord: (0, 3)
Cart rank 11 has random sea height 6214.559082 at time 10/15/21 09:16:58 UTC.
Cart rank 11 has SMA 6050.268. Received top: 6117.12, bottom: 6047.66, left: 6047.67, right: -1.00.
Cart rank 1 has random sea height 6214.559082 at time 10/15/21 09:16:58 UTC.
Cart rank 1 has SMA 6050.269. Received top: -1.00, bottom: 6047.67, left: 6047.67, right: 6117.12.
Cart rank 1 sends report to base station.
	Alert time: 1634289418.02, Number of matches: 3, Coord: (0, 1)
Cart rank 6 has random sea height 6214.559082 at time 10/15/21 09:16:58 UTC.
Cart rank 6 has SMA 6050.268. Received top: 6117.12, bottom: 6047.67, left: 6047.67, right: 6117.12.
Cart rank 6 sends report to base station.
	Alert time: 1634289418.03, Number of matches: 4, Coord: (1, 2)
Cart rank 11 sends report to base station.
	Alert time: 1634289418.02, Number of matches: 3, Coord: (2, 3)
BASE STATION received 3 report:
	Alert time: 1634289410.02, Number of matches: 2, Rank: 3, Coord: (0, 3)
Cart rank 7 has random sea height 5569.419922 at time 10/15/21 09:16:59 UTC.
Cart rank 7 has SMA 6123.560. Received top: 6047.12, bottom: 6050.27, left: 6050.27, right: -1.00.
Cart rank 7 sends report to base station.
	Alert time: 1634289419.02, Number of matches: 3, Coord: (1, 3)
Cart rank 12 has random sea height 5569.419922 at time 10/15/21 09:16:59 UTC.
Cart rank 12 has SMA 6123.560. Received top: 6047.12, bottom: -1.00, left: -1.00, right: 6047.12.
Cart rank 12 sends report to base station.
	Alert time: 1634289419.02, Number of matches: 2, Coord: (3, 0)
Cart rank 2 has random sea height 5569.419922 at time 10/15/21 09:16:59 UTC.
Cart rank 2 has SMA 6123.560. Received top: -1.00, bottom: 6050.27, left: 6050.27, right: 6047.12.
Cart rank 2 sends report to base station.
	Alert time: 1634289419.05, Number of matches: 3, Coord: (0, 2)
BASE STATION received 3 report:
	Alert time: 1634289415.02, Number of matches: 2, Rank: 3, Coord: (0, 3)
Cart rank 3 has random sea height 5927.587891 at time 10/15/21 09:17:00 UTC.
Cart rank 3 has SMA 6052.993. Received top: -1.00, bottom: 6123.56, left: 6123.56, right: -1.00.
Cart rank 3 sends report to base station.
	Alert time: 1634289420.02, Number of matches: 2, Coord: (0, 3)
Cart rank 8 has random sea height 5927.587891 at time 10/15/21 09:17:00 UTC.
Cart rank 8 has SMA 6052.993. Received top: 5904.74, bottom: 6123.56, left: -1.00, right: 5904.74.
Cart rank 13 has random sea height 5927.587891 at time 10/15/21 09:17:00 UTC.
Cart rank 13 has SMA 6052.994. Received top: 5904.74, bottom: -1.00, left: 6123.56, right: 5904.74.
BASE STATION received 3 report:
	Alert time: 1634289420.02, Number of matches: 2, Rank: 3, Coord: (0, 3)
Cart rank 14 has random sea height 5784.008789 at time 10/15/21 09:17:01 UTC.
Cart rank 4 has random sea height 5784.008789 at time 10/15/21 09:17:01 UTC.
Cart rank 9 has random sea height 5784.008789 at time 10/15/21 09:17:01 UTC.
BASE STATION received 8 report:
	Alert time: 1634289405.02, Number of matches: 3, Rank: 8, Coord: (2, 0)
Cart rank 15 has random sea height 5646.814453 at time 10/15/21 09:17:02 UTC.
Cart rank 15 has SMA 6054.608. Received top: 6050.27, bottom: -1.00, left: 5838.59, right: -1.00.
Cart rank 0 has random sea height 5646.814453 at time 10/15/21 09:17:02 UTC.
Cart rank 0 has SMA 6054.609. Received top: -1.00, bottom: 5838.59, left: -1.00, right: 6050.27.
Cart rank 5 has random sea height 5646.814453 at time 10/15/21 09:17:02 UTC.
Cart rank 5 has SMA 6054.608. Received top: 6050.27, bottom: 5838.59, left: 5838.59, right: 6050.27.
Cart rank 10 has random sea height 5646.814453 at time 10/15/21 09:17:02 UTC.
Cart rank 10 has SMA 6054.608. Received top: 6050.27, bottom: 5838.59, left: 5838.59, right: 6050.27.
Cart rank 10 sends report to base station.
	Alert time: 1634289422.02, Number of matches: 2, Coord: (2, 2)
Cart rank 5 sends report to base station.
	Alert time: 1634289422.02, Number of matches: 2, Coord: (1, 1)
BASE STATION received 8 report:
	Alert time: 1634289410.02, Number of matches: 3, Rank: 8, Coord: (2, 0)
Cart rank 1 has random sea height 5506.380859 at time 10/15/21 09:17:03 UTC.
Cart rank 6 has random sea height 5506.380859 at time 10/15/21 09:17:03 UTC.
Cart rank 11 has random sea height 5506.380859 at time 10/15/21 09:17:03 UTC.
BASE STATION received 13 report:
	Alert time: 1634289410.24, Number of matches: 3, Rank: 13, Coord: (3, 1)
Cart rank 7 has random sea height 5859.843262 at time 10/15/21 09:17:04 UTC.
Cart rank 7 has SMA 6058.168. Received top: 6052.99, bottom: 5914.13, left: 5914.13, right: -1.00.
Cart rank 12 has random sea height 5859.843262 at time 10/15/21 09:17:04 UTC.
Cart rank 12 has SMA 6058.168. Received top: 6052.99, bottom: -1.00, left: -1.00, right: 6052.99.
Cart rank 12 sends report to base station.
	Alert time: 1634289424.02, Number of matches: 2, Coord: (3, 0)
Cart rank 2 has random sea height 5859.843262 at time 10/15/21 09:17:04 UTC.
Cart rank 2 has SMA 6058.168. Received top: -1.00, bottom: 5914.13, left: 5914.13, right: 6052.99.
BASE STATION received 1 report:
	Alert time: 1634289418.02, Number of matches: 3, Rank: 1, Coord: (0, 1)
Cart rank 8 has random sea height 5718.506348 at time 10/15/21 09:17:05 UTC.
Cart rank 3 has random sea height 5718.506348 at time 10/15/21 09:17:05 UTC.
Cart rank 13 has random sea height 5718.506348 at time 10/15/21 09:17:05 UTC.
BASE STATION received 6 report:
	Alert time: 1634289418.03, Number of matches: 4, Rank: 6, Coord: (1, 2)
Cart rank 14 has random sea height 5575.013184 at time 10/15/21 09:17:06 UTC.
Cart rank 4 has random sea height 5575.013184 at time 10/15/21 09:17:06 UTC.
Cart rank 9 has random sea height 5575.013184 at time 10/15/21 09:17:06 UTC.
BASE STATION received 11 report:
	Alert time: 1634289418.02, Number of matches: 3, Rank: 11, Coord: (2, 3)
Cart rank 15 has random sea height 5939.751465 at time 10/15/21 09:17:07 UTC.
Cart rank 15 has SMA 6060.974. Received top: 5914.13, bottom: -1.00, left: 5844.61, right: -1.00.
Cart rank 0 has random sea height 5939.751465 at time 10/15/21 09:17:07 UTC.
Cart rank 0 has SMA 6060.975. Received top: -1.00, bottom: 5844.61, left: -1.00, right: 5914.13.
Cart rank 10 has random sea height 5939.751465 at time 10/15/21 09:17:07 UTC.
Cart rank 10 has SMA 6060.974. Received top: 5914.13, bottom: 5844.61, left: 5844.61, right: 5914.13.
Cart rank 5 has random sea height 5939.751465 at time 10/15/21 09:17:07 UTC.
Cart rank 5 has SMA 6060.974. Received top: 5914.13, bottom: 5844.61, left: 5844.61, right: 5914.13.
BASE STATION received 7 report:
	Alert time: 1634289419.02, Number of matches: 3, Rank: 7, Coord: (1, 3)
Cart rank 1 has random sea height 5790.912109 at time 10/15/21 09:17:08 UTC.
Cart rank 6 has random sea height 5790.912109 at time 10/15/21 09:17:08 UTC.
Cart rank 11 has random sea height 5790.912109 at time 10/15/21 09:17:08 UTC.
BASE STATION received 12 report:
	Alert time: 1634289419.02, Number of matches: 2, Rank: 12, Coord: (3, 0)
Cart rank 7 has random sea height 6155.313477 at time 10/15/21 09:17:09 UTC.
Cart rank 7 has SMA 6064.676. Received top: 5987.16, bottom: 5848.06, left: 5848.06, right: -1.00.
Cart rank 12 has random sea height 6155.313477 at time 10/15/21 09:17:09 UTC.
Cart rank 12 has SMA 6064.677. Received top: 5987.16, bottom: -1.00, left: -1.00, right: 5987.16.
Cart rank 2 has random sea height 6155.313477 at time 10/15/21 09:17:09 UTC.
Cart rank 2 has SMA 6064.676. Received top: -1.00, bottom: 5848.06, left: 5848.06, right: 5987.16.
BASE STATION received 12 report:
	Alert time: 1634289424.02, Number of matches: 2, Rank: 12, Coord: (3, 0)
Cart rank 8 has random sea height 6011.855469 at time 10/15/21 09:17:10 UTC.
Cart rank 3 has random sea height 6011.855469 at time 10/15/21 09:17:10 UTC.
Cart rank 13 has random sea height 6011.855469 at time 10/15/21 09:17:10 UTC.
BASE STATION received 2 report:
	Alert time: 1634289419.05, Number of matches: 3, Rank: 2, Coord: (0, 2)
Cart rank 14 has random sea height 5875.733398 at time 10/15/21 09:17:11 UTC.
Cart rank 4 has random sea height 5875.733398 at time 10/15/21 09:17:11 UTC.
Cart rank 9 has random sea height 5875.733398 at time 10/15/21 09:17:11 UTC.
BASE STATION received 10 report:
	Alert time: 1634289422.02, Number of matches: 2, Rank: 10, Coord: (2, 2)
Cart rank 15 has random sea height 6231.543457 at time 10/15/21 09:17:12 UTC.
Cart rank 15 has SMA 6138.931. Received top: 5848.06, bottom: -1.00, left: 5851.40, right: -1.00.
Cart rank 0 has random sea height 6231.543457 at time 10/15/21 09:17:12 UTC.
Cart rank 0 has SMA 6138.931. Received top: -1.00, bottom: 5851.40, left: -1.00, right: 5848.06.
Cart rank 10 has random sea height 6231.543457 at time 10/15/21 09:17:12 UTC.
Cart rank 10 has SMA 6138.931. Received top: 5848.06, bottom: 5851.40, left: 5851.40, right: 5848.06.
Cart rank 5 has random sea height 6231.543457 at time 10/15/21 09:17:12 UTC.
Cart rank 5 has SMA 6138.931. Received top: 5848.06, bottom: 5851.40, left: 5851.40, right: 5848.06.
BASE STATION received 5 report:
	Alert time: 1634289422.02, Number of matches: 2, Rank: 5, Coord: (1, 1)
Cart rank 1 has random sea height 6089.287598 at time 10/15/21 09:17:13 UTC.
Cart rank 6 has random sea height 6089.287598 at time 10/15/21 09:17:13 UTC.
Cart rank 11 has random sea height 6089.287598 at time 10/15/21 09:17:13 UTC.
Cart rank 7 has random sea height 6444.812988 at time 10/15/21 09:17:14 UTC.
Cart rank 7 has SMA 6070.670. Received top: 5921.61, bottom: 5854.23, left: 5854.23, right: -1.00.
Cart rank 7 received terminate from base station.
Cart rank 12 has random sea height 6444.812988 at time 10/15/21 09:17:14 UTC.
Cart rank 12 has SMA 6070.670. Received top: 5921.61, bottom: -1.00, left: -1.00, right: 5921.61.
Cart rank 12 received terminate from base station.
Cart rank 2 has random sea height 6444.812988 at time 10/15/21 09:17:14 UTC.
Cart rank 2 has SMA 6070.670. Received top: -1.00, bottom: 5854.23, left: 5854.23, right: 5921.61.
Cart rank 2 received terminate from base station.
Cart rank 8 has random sea height 5804.954102 at time 10/15/21 09:17:15 UTC.
Cart rank 8 received terminate from base station.
Cart rank 3 has random sea height 5804.954102 at time 10/15/21 09:17:15 UTC.
Cart rank 3 received terminate from base station.
Cart rank 13 has random sea height 5804.954102 at time 10/15/21 09:17:15 UTC.
Cart rank 13 received terminate from base station.
Cart rank 14 has random sea height 6160.456543 at time 10/15/21 09:17:16 UTC.
Cart rank 14 received terminate from base station.
Cart rank 4 has random sea height 6160.456543 at time 10/15/21 09:17:16 UTC.
Cart rank 4 received terminate from base station.
Cart rank 9 has random sea height 6160.456543 at time 10/15/21 09:17:16 UTC.
Cart rank 9 received terminate from base station.
Cart rank 15 has random sea height 5520.490234 at time 10/15/21 09:17:17 UTC.
Cart rank 0 has random sea height 5520.490234 at time 10/15/21 09:17:17 UTC.
Cart rank 10 has random sea height 5520.490234 at time 10/15/21 09:17:17 UTC.
Cart rank 5 has random sea height 5520.490234 at time 10/15/21 09:17:17 UTC.
Cart rank 1 has random sea height 6379.797363 at time 10/15/21 09:17:18 UTC.
Cart rank 1 received terminate from base station.
Cart rank 6 has random sea height 6379.797363 at time 10/15/21 09:17:18 UTC.
Cart rank 6 received terminate from base station.
Cart rank 11 has random sea height 6379.797363 at time 10/15/21 09:17:18 UTC.
Cart rank 11 received terminate from base station.
Cart rank 15 time taken 10.00 hence cancel all requests.
Cart rank 15 received terminate from base station.
Cart rank 0 time taken 10.00 hence cancel all requests.
Cart rank 0 received terminate from base station.
Cart rank 10 time taken 10.00 hence cancel all requests.
Cart rank 10 received terminate from base station.
Cart rank 5 time taken 10.00 hence cancel all requests.
Cart rank 5 received terminate from base station.
