mpicc -Wall main.c sensor_node.c base_station.c -o mainOut -lm -fopenmp
--------------------------------------------------------------------------
No OpenFabrics connection schemes reported that they were able to be
used on a specific port.  As such, the openib BTL (OpenFabrics
support) will be disabled for this port.

  Local host:           gp05
  Local device:         mlx5_0
  Local port:           1
  CPCs attempted:       rdmacm, udcm
--------------------------------------------------------------------------
Cart rank: 14. Cart Coord: (3, 2).
Cart rank: 15. Cart Coord: (3, 3).
Cart rank: 0. Cart Coord: (0, 0).
Cart rank 0 has random sea height 5853.391602 at time 10/16/21 04:00:12 UTC.
Cart rank: 1. Cart Coord: (0, 1).
Cart rank: 2. Cart Coord: (0, 2).
Cart rank: 3. Cart Coord: (0, 3).
Cart rank: 4. Cart Coord: (1, 0).
Cart rank: 5. Cart Coord: (1, 1).
Cart rank: 6. Cart Coord: (1, 2).
Cart rank: 7. Cart Coord: (1, 3).
Cart rank: 8. Cart Coord: (2, 0).
Cart rank: 9. Cart Coord: (2, 1).
Cart rank: 10. Cart Coord: (2, 2).
Cart rank: 11. Cart Coord: (2, 3).
Cart rank: 12. Cart Coord: (3, 0).
Cart rank: 13. Cart Coord: (3, 1).
To terminate the program, change the value to 1 in sentinel.txt file.
Root Rank: 16. Comm Size: 17. Grid Dimension = [4 x 4]. Threshold: 6000.000000.
Cart rank 1 has random sea height 6214.565918 at time 10/16/21 04:00:13 UTC.
Cart rank 2 has random sea height 6075.471680 at time 10/16/21 04:00:14 UTC.
Cart rank 3 has random sea height 6429.391602 at time 10/16/21 04:00:15 UTC.
Cart rank 4 has random sea height 5790.875488 at time 10/16/21 04:00:16 UTC.
[gp05:19226] 16 more processes have sent help message help-mpi-btl-openib-cpc-base.txt / no cpcs for port
[gp05:19226] Set MCA parameter "orte_base_help_aggregate" to 0 to see all help / error messages
Cart rank 5 has random sea height 6146.114258 at time 10/16/21 04:00:17 UTC.
Cart rank 0 has random sea height 6146.114258 at time 10/16/21 04:00:17 UTC.
Cart rank 6 has random sea height 5507.390137 at time 10/16/21 04:00:18 UTC.
Cart rank 1 has random sea height 5507.390137 at time 10/16/21 04:00:18 UTC.
Cart rank 7 has random sea height 6366.983398 at time 10/16/21 04:00:19 UTC.
Cart rank 2 has random sea height 6366.983398 at time 10/16/21 04:00:19 UTC.
Cart rank 3 has random sea height 6223.071289 at time 10/16/21 04:00:20 UTC.
Cart rank 8 has random sea height 6223.071289 at time 10/16/21 04:00:20 UTC.
Cart rank 4 has random sea height 5582.464844 at time 10/16/21 04:00:21 UTC.
Cart rank 9 has random sea height 5582.464844 at time 10/16/21 04:00:21 UTC.
Cart rank 10 has random sea height 5942.440430 at time 10/16/21 04:00:22 UTC.
Cart rank 0 has random sea height 5942.440430 at time 10/16/21 04:00:22 UTC.
Cart rank 5 has random sea height 5942.440430 at time 10/16/21 04:00:22 UTC.
Cart rank 11 has random sea height 6295.014160 at time 10/16/21 04:00:23 UTC.
Cart rank 6 has random sea height 6295.014160 at time 10/16/21 04:00:23 UTC.
Cart rank 1 has random sea height 6295.014160 at time 10/16/21 04:00:23 UTC.
Cart rank 7 has random sea height 5654.311523 at time 10/16/21 04:00:24 UTC.
Cart rank 2 has random sea height 5654.311523 at time 10/16/21 04:00:24 UTC.
Cart rank 12 has random sea height 5654.311523 at time 10/16/21 04:00:24 UTC.
Cart rank 13 has random sea height 5514.255859 at time 10/16/21 04:00:25 UTC.
Cart rank 8 has random sea height 5514.255859 at time 10/16/21 04:00:25 UTC.
Cart rank 3 has random sea height 5514.255859 at time 10/16/21 04:00:25 UTC.
Cart rank 14 has random sea height 5872.084961 at time 10/16/21 04:00:26 UTC.
Cart rank 4 has random sea height 5872.084961 at time 10/16/21 04:00:26 UTC.
Cart rank 9 has random sea height 5872.084961 at time 10/16/21 04:00:26 UTC.
Cart rank 15 has random sea height 5732.819824 at time 10/16/21 04:00:27 UTC.
Cart rank 10 has random sea height 5732.819824 at time 10/16/21 04:00:27 UTC.
Cart rank 5 has random sea height 5732.819824 at time 10/16/21 04:00:27 UTC.
Cart rank 0 has random sea height 5732.819824 at time 10/16/21 04:00:27 UTC.
Cart rank 11 has random sea height 6089.749512 at time 10/16/21 04:00:28 UTC.
Cart rank 6 has random sea height 6089.749512 at time 10/16/21 04:00:28 UTC.
Cart rank 1 has random sea height 6089.749512 at time 10/16/21 04:00:28 UTC.
Cart rank 12 has random sea height 5948.665039 at time 10/16/21 04:00:29 UTC.
Cart rank 2 has random sea height 5948.665039 at time 10/16/21 04:00:29 UTC.
Cart rank 7 has random sea height 5948.665039 at time 10/16/21 04:00:29 UTC.
Cart rank 13 has random sea height 5804.950684 at time 10/16/21 04:00:30 UTC.
Cart rank 8 has random sea height 5804.950684 at time 10/16/21 04:00:30 UTC.
Cart rank 3 has random sea height 5804.950684 at time 10/16/21 04:00:30 UTC.
Cart rank 14 has random sea height 6161.767578 at time 10/16/21 04:00:31 UTC.
Cart rank 4 has random sea height 6161.767578 at time 10/16/21 04:00:31 UTC.
Cart rank 9 has random sea height 6161.767578 at time 10/16/21 04:00:31 UTC.
Cart rank 15 has random sea height 5522.328125 at time 10/16/21 04:00:32 UTC.
Cart rank 0 has random sea height 5522.328125 at time 10/16/21 04:00:32 UTC.
Cart rank 10 has random sea height 5522.328125 at time 10/16/21 04:00:32 UTC.
Cart rank 5 has random sea height 5522.328125 at time 10/16/21 04:00:32 UTC.
Cart rank 11 has random sea height 6380.988281 at time 10/16/21 04:00:33 UTC.
Cart rank 6 has random sea height 6380.988281 at time 10/16/21 04:00:33 UTC.
Cart rank 1 has random sea height 6380.988281 at time 10/16/21 04:00:33 UTC.
Cart rank 12 has random sea height 5742.108398 at time 10/16/21 04:00:34 UTC.
Cart rank 2 has random sea height 5742.108398 at time 10/16/21 04:00:34 UTC.
Cart rank 7 has random sea height 5742.108398 at time 10/16/21 04:00:34 UTC.
Cart rank 13 has random sea height 5596.216309 at time 10/16/21 04:00:35 UTC.
Cart rank 8 has random sea height 5596.216309 at time 10/16/21 04:00:35 UTC.
Cart rank 3 has random sea height 5596.216309 at time 10/16/21 04:00:35 UTC.
Cart rank 14 has random sea height 6455.276855 at time 10/16/21 04:00:36 UTC.
Cart rank 4 has random sea height 6455.276855 at time 10/16/21 04:00:36 UTC.
Cart rank 9 has random sea height 6455.276855 at time 10/16/21 04:00:36 UTC.
Cart rank 15 has random sea height 5812.885742 at time 10/16/21 04:00:37 UTC.
Cart rank 0 has random sea height 5812.885742 at time 10/16/21 04:00:37 UTC.
Cart rank 10 has random sea height 5812.885742 at time 10/16/21 04:00:37 UTC.
Cart rank 5 has random sea height 5812.885742 at time 10/16/21 04:00:37 UTC.
Cart rank 11 has random sea height 5674.074219 at time 10/16/21 04:00:38 UTC.
Cart rank 6 has random sea height 5674.074219 at time 10/16/21 04:00:38 UTC.
Cart rank 1 has random sea height 5674.074219 at time 10/16/21 04:00:38 UTC.
Cart rank 12 has random sea height 6028.276367 at time 10/16/21 04:00:39 UTC.
Cart rank 2 has random sea height 6028.276367 at time 10/16/21 04:00:39 UTC.
Cart rank 7 has random sea height 6028.276367 at time 10/16/21 04:00:39 UTC.
Cart rank 13 has random sea height 5888.761230 at time 10/16/21 04:00:40 UTC.
Cart rank 8 has random sea height 5888.761230 at time 10/16/21 04:00:40 UTC.
Cart rank 3 has random sea height 5888.761230 at time 10/16/21 04:00:40 UTC.
Cart rank 14 has random sea height 5749.020996 at time 10/16/21 04:00:41 UTC.
Cart rank 4 has random sea height 5749.020996 at time 10/16/21 04:00:41 UTC.
Cart rank 9 has random sea height 5749.020996 at time 10/16/21 04:00:41 UTC.
Cart rank 15 has random sea height 6109.987793 at time 10/16/21 04:00:42 UTC.
Cart rank 0 has random sea height 6109.987793 at time 10/16/21 04:00:42 UTC.
Cart rank 10 has random sea height 6109.987793 at time 10/16/21 04:00:42 UTC.
Cart rank 5 has random sea height 6109.987793 at time 10/16/21 04:00:42 UTC.
Cart rank 11 has random sea height 5965.794434 at time 10/16/21 04:00:43 UTC.
Cart rank 6 has random sea height 5965.794434 at time 10/16/21 04:00:43 UTC.
Cart rank 1 has random sea height 5965.794434 at time 10/16/21 04:00:43 UTC.
Cart rank 1 has SMA 6018.225. Received top: -1.00, bottom: 5500.00, left: 5874.28, right: 5500.00.
Cart rank 12 has random sea height 6322.804688 at time 10/16/21 04:00:44 UTC.
Cart rank 2 has random sea height 6322.804688 at time 10/16/21 04:00:44 UTC.
Cart rank 2 has SMA 6019.803. Received top: -1.00, bottom: 5500.00, left: 6018.23, right: 5500.00.
Cart rank 7 has random sea height 6322.804688 at time 10/16/21 04:00:44 UTC.
Cart rank 13 has random sea height 6181.328613 at time 10/16/21 04:00:45 UTC.
Cart rank 8 has random sea height 6181.328613 at time 10/16/21 04:00:45 UTC.
Cart rank 3 has random sea height 6181.328613 at time 10/16/21 04:00:45 UTC.
Cart rank 14 has random sea height 5543.120117 at time 10/16/21 04:00:46 UTC.
Cart rank 4 has random sea height 5543.120117 at time 10/16/21 04:00:46 UTC.
Cart rank 9 has random sea height 5543.120117 at time 10/16/21 04:00:46 UTC.
Cart rank 15 has random sea height 6400.012695 at time 10/16/21 04:00:47 UTC.
Cart rank 0 has random sea height 6400.012695 at time 10/16/21 04:00:47 UTC.
Cart rank 10 has random sea height 6400.012695 at time 10/16/21 04:00:47 UTC.
Cart rank 5 has random sea height 6400.012695 at time 10/16/21 04:00:47 UTC.
Cart rank 11 has random sea height 6252.068848 at time 10/16/21 04:00:48 UTC.
Cart rank 6 has random sea height 6252.068848 at time 10/16/21 04:00:48 UTC.
Cart rank 6 has SMA 6023.583. Received top: 6019.80, bottom: 5500.00, left: 5952.37, right: 5500.00.
Cart rank 1 has random sea height 6252.068848 at time 10/16/21 04:00:48 UTC.
Cart rank 1 has SMA 6023.583. Received top: -1.00, bottom: 5952.37, left: 5952.37, right: 6019.80.
Cart rank 12 has random sea height 5612.793945 at time 10/16/21 04:00:49 UTC.
Cart rank 2 has random sea height 5612.793945 at time 10/16/21 04:00:49 UTC.
Cart rank 7 has random sea height 5612.793945 at time 10/16/21 04:00:49 UTC.
Cart rank 13 has random sea height 6476.399414 at time 10/16/21 04:00:50 UTC.
Cart rank 8 has random sea height 6476.399414 at time 10/16/21 04:00:50 UTC.
Cart rank 3 has random sea height 6476.399414 at time 10/16/21 04:00:50 UTC.
Cart rank 14 has random sea height 6330.041016 at time 10/16/21 04:00:51 UTC.
Cart rank 4 has random sea height 6330.041016 at time 10/16/21 04:00:51 UTC.
Cart rank 9 has random sea height 6330.041016 at time 10/16/21 04:00:51 UTC.
Cart rank 15 has random sea height 5685.785156 at time 10/16/21 04:00:52 UTC.
Cart rank 0 has random sea height 5685.785156 at time 10/16/21 04:00:52 UTC.
Cart rank 10 has random sea height 5685.785156 at time 10/16/21 04:00:52 UTC.
Cart rank 5 has random sea height 5685.785156 at time 10/16/21 04:00:52 UTC.
Cart rank 11 has random sea height 6049.691895 at time 10/16/21 04:00:53 UTC.
Cart rank 11 has SMA 6101.055. Received top: 5953.71, bottom: 5500.00, left: 5886.61, right: -1.00.
Cart rank 6 has random sea height 6049.691895 at time 10/16/21 04:00:53 UTC.
Cart rank 6 has SMA 6101.055. Received top: 5953.71, bottom: 5886.61, left: 5886.61, right: 5953.71.
Cart rank 1 has random sea height 6049.691895 at time 10/16/21 04:00:53 UTC.
Cart rank 1 has SMA 6101.054. Received top: -1.00, bottom: 5886.61, left: 5886.61, right: 5953.71.
Cart rank 12 has random sea height 5901.350098 at time 10/16/21 04:00:54 UTC.
Cart rank 2 has random sea height 5901.350098 at time 10/16/21 04:00:54 UTC.
Cart rank 7 has random sea height 5901.350098 at time 10/16/21 04:00:54 UTC.
Cart rank 13 has random sea height 6269.090820 at time 10/16/21 04:00:55 UTC.
Cart rank 8 has random sea height 6269.090820 at time 10/16/21 04:00:55 UTC.
Cart rank 3 has random sea height 6269.090820 at time 10/16/21 04:00:55 UTC.
Cart rank 14 has random sea height 6122.575684 at time 10/16/21 04:00:56 UTC.
Cart rank 14 has SMA 6033.413. Received top: 5886.61, bottom: -1.00, left: 5961.57, right: 5500.00.
Cart rank 4 has random sea height 6122.575684 at time 10/16/21 04:00:56 UTC.
Cart rank 4 has SMA 6033.413. Received top: 5886.61, bottom: 5961.57, left: -1.00, right: 5886.61.
Cart rank 9 has random sea height 6122.575684 at time 10/16/21 04:00:56 UTC.
Cart rank 9 has SMA 6033.413. Received top: 5886.61, bottom: 5961.57, left: 5961.57, right: 5886.61.
Cart rank 15 has random sea height 6482.662109 at time 10/16/21 04:00:57 UTC.
Cart rank 0 has random sea height 6482.662109 at time 10/16/21 04:00:57 UTC.
Cart rank 10 has random sea height 6482.662109 at time 10/16/21 04:00:57 UTC.
Cart rank 5 has random sea height 6482.662109 at time 10/16/21 04:00:57 UTC.
Cart rank 11 has random sea height 5841.091797 at time 10/16/21 04:00:58 UTC.
Cart rank 11 has SMA 6036.208. Received top: 5887.19, bottom: 5963.78, left: 5963.78, right: -1.00.
Cart rank 6 has random sea height 5841.091797 at time 10/16/21 04:00:58 UTC.
Cart rank 6 has SMA 6036.208. Received top: 5887.19, bottom: 5963.78, left: 5963.78, right: 5887.19.
Cart rank 1 has random sea height 5841.091797 at time 10/16/21 04:00:58 UTC.
Cart rank 1 has SMA 6036.208. Received top: -1.00, bottom: 5963.78, left: 5963.78, right: 5887.19.
Cart rank 12 has random sea height 5702.757812 at time 10/16/21 04:00:59 UTC.
Cart rank 2 has random sea height 5702.757812 at time 10/16/21 04:00:59 UTC.
Cart rank 7 has random sea height 5702.757812 at time 10/16/21 04:00:59 UTC.
Cart rank 13 has random sea height 5556.919922 at time 10/16/21 04:01:00 UTC.
Cart rank 8 has random sea height 5556.919922 at time 10/16/21 04:01:00 UTC.
Cart rank 3 has random sea height 5556.919922 at time 10/16/21 04:01:00 UTC.
Cart rank 14 has random sea height 6415.630859 at time 10/16/21 04:01:01 UTC.
Cart rank 14 has SMA 6111.062. Received top: 5963.78, bottom: -1.00, left: 5967.67, right: 5963.78.
Cart rank 4 has random sea height 6415.630859 at time 10/16/21 04:01:01 UTC.
Cart rank 4 has SMA 6111.062. Received top: 5963.78, bottom: 5967.67, left: -1.00, right: 5963.78.
Cart rank 9 has random sea height 6415.630859 at time 10/16/21 04:01:01 UTC.
Cart rank 9 has SMA 6111.062. Received top: 5963.78, bottom: 5967.67, left: 5967.67, right: 5963.78.
Cart rank 15 has random sea height 5775.241699 at time 10/16/21 04:01:02 UTC.
Cart rank 0 has random sea height 5775.241699 at time 10/16/21 04:01:02 UTC.
Cart rank 10 has random sea height 5775.241699 at time 10/16/21 04:01:02 UTC.
Cart rank 5 has random sea height 5775.241699 at time 10/16/21 04:01:02 UTC.
Cart rank 11 has random sea height 6131.561035 at time 10/16/21 04:01:03 UTC.
Cart rank 11 has SMA 6042.181. Received top: 5894.11, bottom: 5969.84, left: 5969.84, right: -1.00.
Cart rank 6 has random sea height 6131.561035 at time 10/16/21 04:01:03 UTC.
Cart rank 6 has SMA 6042.181. Received top: 5894.11, bottom: 5969.84, left: 5969.84, right: 5894.11.
Cart rank 1 has random sea height 6131.561035 at time 10/16/21 04:01:03 UTC.
Cart rank 1 has SMA 6042.181. Received top: -1.00, bottom: 5969.84, left: 5969.84, right: 5894.11.
Cart rank 12 has random sea height 5989.729980 at time 10/16/21 04:01:04 UTC.
Cart rank 2 has random sea height 5989.729980 at time 10/16/21 04:01:04 UTC.
Cart rank 7 has random sea height 5989.729980 at time 10/16/21 04:01:04 UTC.
Cart rank 13 has random sea height 6350.762695 at time 10/16/21 04:01:05 UTC.
Cart rank 13 has SMA 6045.640. Received top: 6111.06, bottom: -1.00, left: 5899.98, right: 6111.06.
Cart rank 8 has random sea height 6350.762695 at time 10/16/21 04:01:05 UTC.
Cart rank 8 has SMA 6045.640. Received top: 6111.06, bottom: 5899.98, left: -1.00, right: 6111.06.
Cart rank 8 sends report to base station.
	Alert time: 1634356865.17, Number of matches: 2, Coord: (2, 0)
Cart rank 3 has random sea height 6350.762695 at time 10/16/21 04:01:05 UTC.
Cart rank 3 has SMA 6045.640. Received top: -1.00, bottom: 5899.97, left: 5899.98, right: -1.00.
BASE STATION received 8 report:
	Alert time: 1634356865.17, Number of matches: 2, Rank: 8, Coord: (2, 0)
Cart rank 13 sends report to base station.
	Alert time: 1634356865.17, Number of matches: 2, Coord: (3, 1)
Cart rank 14 has random sea height 6209.126953 at time 10/16/21 04:01:06 UTC.
Cart rank 14 has SMA 6117.828. Received top: 5969.84, bottom: -1.00, left: 6045.64, right: 5969.84.
Cart rank 4 has random sea height 6209.126953 at time 10/16/21 04:01:06 UTC.
Cart rank 4 has SMA 6117.828. Received top: 5969.84, bottom: 6045.64, left: -1.00, right: 5969.84.
BASE STATION received 13 report:
	Alert time: 1634356865.17, Number of matches: 2, Rank: 13, Coord: (3, 1)
Cart rank 9 has random sea height 6209.126953 at time 10/16/21 04:01:06 UTC.
Cart rank 9 has SMA 6117.828. Received top: 5969.84, bottom: 6045.64, left: 6045.64, right: 5969.84.
Cart rank 9 sends report to base station.
	Alert time: 1634356866.31, Number of matches: 2, Coord: (2, 1)
Cart rank 10 has random sea height 6065.598633 at time 10/16/21 04:01:07 UTC.
Cart rank 10 has SMA 6047.454. Received top: 6042.18, bottom: 6117.83, left: 6117.83, right: 6042.18.
Cart rank 15 has random sea height 6065.598633 at time 10/16/21 04:01:07 UTC.
Cart rank 15 has SMA 6047.453. Received top: 6042.18, bottom: -1.00, left: 6117.83, right: -1.00.
Cart rank 15 sends report to base station.
	Alert time: 1634356867.17, Number of matches: 2, Coord: (3, 3)
Cart rank 0 has random sea height 6065.598633 at time 10/16/21 04:01:07 UTC.
Cart rank 0 has SMA 6047.454. Received top: -1.00, bottom: 6117.83, left: -1.00, right: 6042.18.
Cart rank 0 sends report to base station.
	Alert time: 1634356867.17, Number of matches: 2, Coord: (0, 0)
Cart rank 5 has random sea height 6065.598633 at time 10/16/21 04:01:07 UTC.
Cart rank 5 has SMA 6047.454. Received top: 6042.18, bottom: 6117.83, left: 6117.83, right: 6042.18.
BASE STATION received 9 report:
	Alert time: 1634356866.31, Number of matches: 2, Rank: 9, Coord: (2, 1)
Cart rank 10 sends report to base station.
	Alert time: 1634356867.17, Number of matches: 4, Coord: (2, 2)
Cart rank 5 sends report to base station.
	Alert time: 1634356867.18, Number of matches: 4, Coord: (1, 1)
Cart rank 6 has random sea height 6422.950195 at time 10/16/21 04:01:08 UTC.
Cart rank 6 has SMA 6048.176. Received top: 5899.98, bottom: 6047.45, left: 6047.45, right: 5899.97.
Cart rank 11 has random sea height 6422.950195 at time 10/16/21 04:01:08 UTC.
Cart rank 11 has SMA 6048.176. Received top: 5899.97, bottom: 6047.45, left: 6047.45, right: -1.00.
Cart rank 1 has random sea height 6422.950195 at time 10/16/21 04:01:08 UTC.
Cart rank 1 has SMA 6048.176. Received top: -1.00, bottom: 6047.45, left: 6047.45, right: 5899.98.
Cart rank 1 sends report to base station.
	Alert time: 1634356868.19, Number of matches: 2, Coord: (0, 1)
Cart rank 11 sends report to base station.
	Alert time: 1634356868.17, Number of matches: 2, Coord: (2, 3)
BASE STATION received 15 report:
	Alert time: 1634356867.17, Number of matches: 2, Rank: 15, Coord: (3, 3)
Cart rank 6 sends report to base station.
	Alert time: 1634356868.17, Number of matches: 2, Coord: (1, 2)
Cart rank 12 has random sea height 5781.310059 at time 10/16/21 04:01:09 UTC.
Cart rank 2 has random sea height 5781.310059 at time 10/16/21 04:01:09 UTC.
Cart rank 7 has random sea height 5781.310059 at time 10/16/21 04:01:09 UTC.
BASE STATION received 0 report:
	Alert time: 1634356867.17, Number of matches: 2, Rank: 0, Coord: (0, 0)
Cart rank 8 has random sea height 6142.875977 at time 10/16/21 04:01:10 UTC.
Cart rank 8 has SMA 6123.734. Received top: 6117.83, bottom: 5905.57, left: -1.00, right: 6117.83.
Cart rank 8 sends report to base station.
	Alert time: 1634356870.17, Number of matches: 2, Coord: (2, 0)
Cart rank 3 has random sea height 6142.875977 at time 10/16/21 04:01:10 UTC.
Cart rank 3 has SMA 6123.734. Received top: -1.00, bottom: 5905.57, left: 5905.57, right: -1.00.
BASE STATION received 10 report:
	Alert time: 1634356867.17, Number of matches: 4, Rank: 10, Coord: (2, 2)
Cart rank 13 has random sea height 6142.875977 at time 10/16/21 04:01:10 UTC.
Cart rank 13 has SMA 6123.734. Received top: 6117.83, bottom: -1.00, left: 5905.57, right: 6117.83.
Cart rank 13 sends report to base station.
	Alert time: 1634356870.30, Number of matches: 2, Coord: (3, 1)
Cart rank 14 has random sea height 6000.074219 at time 10/16/21 04:01:11 UTC.
Cart rank 14 has SMA 6052.798. Received top: 6047.45, bottom: -1.00, left: 6123.73, right: 6047.45.
Cart rank 14 sends report to base station.
	Alert time: 1634356871.17, Number of matches: 3, Coord: (3, 2)
Cart rank 4 has random sea height 6000.074219 at time 10/16/21 04:01:11 UTC.
Cart rank 4 has SMA 6052.798. Received top: 6047.45, bottom: 6123.73, left: -1.00, right: 6047.45.
BASE STATION received 5 report:
	Alert time: 1634356867.18, Number of matches: 4, Rank: 5, Coord: (1, 1)
Cart rank 4 sends report to base station.
	Alert time: 1634356871.17, Number of matches: 3, Coord: (1, 0)
Cart rank 9 has random sea height 6000.074219 at time 10/16/21 04:01:11 UTC.
Cart rank 9 has SMA 6052.799. Received top: 6047.45, bottom: 6123.73, left: 6123.73, right: 6047.45.
Cart rank 9 sends report to base station.
	Alert time: 1634356871.44, Number of matches: 4, Coord: (2, 1)
Cart rank 15 has random sea height 5854.149414 at time 10/16/21 04:01:12 UTC.
Cart rank 15 has SMA 6053.348. Received top: 6048.18, bottom: -1.00, left: 6052.80, right: -1.00.
Cart rank 15 sends report to base station.
	Alert time: 1634356872.17, Number of matches: 2, Coord: (3, 3)
Cart rank 0 has random sea height 5854.149414 at time 10/16/21 04:01:12 UTC.
Cart rank 0 has SMA 6053.348. Received top: -1.00, bottom: 6052.80, left: -1.00, right: 6048.18.
Cart rank 0 sends report to base station.
	Alert time: 1634356872.17, Number of matches: 2, Coord: (0, 0)
BASE STATION received 1 report:
	Alert time: 1634356868.19, Number of matches: 2, Rank: 1, Coord: (0, 1)
Cart rank 10 has random sea height 5854.149414 at time 10/16/21 04:01:12 UTC.
Cart rank 10 has SMA 6053.348. Received top: 6048.18, bottom: 6052.80, left: 6052.80, right: 6048.18.
Cart rank 10 sends report to base station.
	Alert time: 1634356872.37, Number of matches: 4, Coord: (2, 2)
Cart rank 5 has random sea height 5854.149414 at time 10/16/21 04:01:12 UTC.
Cart rank 5 has SMA 6053.348. Received top: 6048.18, bottom: 6052.80, left: 6052.80, right: 6048.18.
Cart rank 5 sends report to base station.
	Alert time: 1634356872.48, Number of matches: 4, Coord: (1, 1)
Cart rank 11 has random sea height 6217.434570 at time 10/16/21 04:01:13 UTC.
Cart rank 11 has SMA 6125.798. Received top: 5905.57, bottom: 6053.35, left: 6053.35, right: -1.00.
Cart rank 11 sends report to base station.
	Alert time: 1634356873.19, Number of matches: 2, Coord: (2, 3)
Cart rank 1 has random sea height 6217.434570 at time 10/16/21 04:01:13 UTC.
Cart rank 1 has SMA 6125.798. Received top: -1.00, bottom: 6053.35, left: 6053.35, right: 5905.57.
Cart rank 1 sends report to base station.
	Alert time: 1634356873.20, Number of matches: 2, Coord: (0, 1)
Cart rank 6 has random sea height 6217.434570 at time 10/16/21 04:01:13 UTC.
Cart rank 6 has SMA 6125.798. Received top: 5905.57, bottom: 6053.35, left: 6053.35, right: 5905.57.
Cart rank 6 sends report to base station.
	Alert time: 1634356873.26, Number of matches: 2, Coord: (1, 2)
BASE STATION received 11 report:
	Alert time: 1634356868.17, Number of matches: 2, Rank: 11, Coord: (2, 3)
Cart rank 12 has random sea height 5575.727539 at time 10/16/21 04:01:14 UTC.
Cart rank 2 has random sea height 5575.727539 at time 10/16/21 04:01:14 UTC.
Cart rank 7 has random sea height 5575.727539 at time 10/16/21 04:01:14 UTC.
BASE STATION received 11 report:
	Alert time: 1634356873.19, Number of matches: 2, Rank: 11, Coord: (2, 3)
Cart rank 8 has random sea height 6433.783691 at time 10/16/21 04:01:15 UTC.
Cart rank 8 has SMA 6201.594. Received top: 6052.80, bottom: 5840.93, left: -1.00, right: 6052.80.
Cart rank 3 has random sea height 6433.783691 at time 10/16/21 04:01:15 UTC.
Cart rank 3 has SMA 6201.594. Received top: -1.00, bottom: 5840.92, left: 5840.93, right: -1.00.
BASE STATION received 6 report:
	Alert time: 1634356868.17, Number of matches: 2, Rank: 6, Coord: (1, 2)
Cart rank 13 has random sea height 6433.783691 at time 10/16/21 04:01:15 UTC.
Cart rank 13 has SMA 6201.594. Received top: 6052.80, bottom: -1.00, left: 5840.93, right: 6052.80.
Cart rank 14 has random sea height 5786.869141 at time 10/16/21 04:01:16 UTC.
Cart rank 14 has SMA 6058.205. Received top: 6053.35, bottom: -1.00, left: 6201.59, right: 6053.35.
Cart rank 14 sends report to base station.
	Alert time: 1634356876.17, Number of matches: 2, Coord: (3, 2)
Cart rank 4 has random sea height 5786.869141 at time 10/16/21 04:01:16 UTC.
Cart rank 4 has SMA 6058.206. Received top: 6053.35, bottom: 6201.59, left: -1.00, right: 6053.35.
Cart rank 4 sends report to base station.
	Alert time: 1634356876.27, Number of matches: 2, Coord: (1, 0)
BASE STATION received 6 report:
	Alert time: 1634356873.26, Number of matches: 2, Rank: 6, Coord: (1, 2)
Cart rank 9 has random sea height 5786.869141 at time 10/16/21 04:01:16 UTC.
Cart rank 9 has SMA 6058.206. Received top: 6053.35, bottom: 6201.59, left: 6201.59, right: 6053.35.
Cart rank 9 sends report to base station.
	Alert time: 1634356876.44, Number of matches: 2, Coord: (2, 1)
Cart rank 0 has random sea height 6147.932617 at time 10/16/21 04:01:17 UTC.
Cart rank 0 has SMA 6058.769. Received top: -1.00, bottom: 6058.21, left: -1.00, right: 6125.80.
Cart rank 0 sends report to base station.
	Alert time: 1634356877.17, Number of matches: 2, Coord: (0, 0)
Cart rank 15 has random sea height 6147.932617 at time 10/16/21 04:01:17 UTC.
Cart rank 15 has SMA 6058.769. Received top: 6125.80, bottom: -1.00, left: 6058.20, right: -1.00.
Cart rank 15 sends report to base station.
	Alert time: 1634356877.17, Number of matches: 2, Coord: (3, 3)
BASE STATION received 8 report:
	Alert time: 1634356870.17, Number of matches: 2, Rank: 8, Coord: (2, 0)
Cart rank 10 has random sea height 6147.932617 at time 10/16/21 04:01:17 UTC.
Cart rank 10 has SMA 6058.769. Received top: 6125.80, bottom: 6058.20, left: 6058.21, right: 6125.80.
Cart rank 10 sends report to base station.
	Alert time: 1634356877.37, Number of matches: 4, Coord: (2, 2)
Cart rank 5 has random sea height 6147.932617 at time 10/16/21 04:01:17 UTC.
Cart rank 5 has SMA 6058.769. Received top: 6125.80, bottom: 6058.21, left: 6058.21, right: 6125.80.
Cart rank 5 sends report to base station.
	Alert time: 1634356877.48, Number of matches: 4, Coord: (1, 1)
Cart rank 11 has random sea height 5509.473145 at time 10/16/21 04:01:18 UTC.
Cart rank 11 has SMA 6060.610. Received top: 5840.92, bottom: 6058.77, left: 6058.77, right: -1.00.
Cart rank 11 sends report to base station.
	Alert time: 1634356878.19, Number of matches: 2, Coord: (2, 3)
Cart rank 1 has random sea height 5509.473145 at time 10/16/21 04:01:18 UTC.
Cart rank 1 has SMA 6060.610. Received top: -1.00, bottom: 6058.77, left: 6058.77, right: 5840.93.
Cart rank 1 sends report to base station.
	Alert time: 1634356878.21, Number of matches: 2, Coord: (0, 1)
Cart rank 6 has random sea height 5509.473145 at time 10/16/21 04:01:18 UTC.
Cart rank 6 has SMA 6060.610. Received top: 5840.93, bottom: 6058.77, left: 6058.77, right: 5840.92.
Cart rank 6 sends report to base station.
	Alert time: 1634356878.26, Number of matches: 2, Coord: (1, 2)
BASE STATION received 13 report:
	Alert time: 1634356870.30, Number of matches: 2, Rank: 13, Coord: (3, 1)
Cart rank 12 has random sea height 5865.968750 at time 10/16/21 04:01:19 UTC.
Cart rank 2 has random sea height 5865.968750 at time 10/16/21 04:01:19 UTC.
Cart rank 7 has random sea height 5865.968750 at time 10/16/21 04:01:19 UTC.
BASE STATION received 14 report:
	Alert time: 1634356871.17, Number of matches: 3, Rank: 14, Coord: (3, 2)
Cart rank 8 has random sea height 5724.131836 at time 10/16/21 04:01:20 UTC.
Cart rank 8 has SMA 6136.280. Received top: 6058.21, bottom: 5775.66, left: -1.00, right: 6058.21.
Cart rank 8 sends report to base station.
	Alert time: 1634356880.17, Number of matches: 2, Coord: (2, 0)
Cart rank 3 has random sea height 5724.131836 at time 10/16/21 04:01:20 UTC.
Cart rank 3 has SMA 6136.281. Received top: -1.00, bottom: 5775.66, left: 5775.66, right: -1.00.
BASE STATION received 14 report:
	Alert time: 1634356876.17, Number of matches: 2, Rank: 14, Coord: (3, 2)
Cart rank 13 has random sea height 5724.131836 at time 10/16/21 04:01:20 UTC.
Cart rank 13 has SMA 6136.280. Received top: 6058.21, bottom: -1.00, left: 5775.66, right: 6058.20.
Cart rank 13 sends report to base station.
	Alert time: 1634356880.30, Number of matches: 2, Coord: (3, 1)
Cart rank 14 has random sea height 5587.192871 at time 10/16/21 04:01:21 UTC.
Cart rank 14 has SMA 6064.501. Received top: 6058.77, bottom: -1.00, left: 6136.28, right: 6058.77.
Cart rank 14 sends report to base station.
	Alert time: 1634356881.17, Number of matches: 3, Coord: (3, 2)
Cart rank 4 has random sea height 5587.192871 at time 10/16/21 04:01:21 UTC.
Cart rank 4 has SMA 6064.501. Received top: 6058.77, bottom: 6136.28, left: -1.00, right: 6058.77.
Cart rank 4 sends report to base station.
	Alert time: 1634356881.27, Number of matches: 3, Coord: (1, 0)
BASE STATION received 14 report:
	Alert time: 1634356881.17, Number of matches: 3, Rank: 14, Coord: (3, 2)
Cart rank 9 has random sea height 5587.192871 at time 10/16/21 04:01:21 UTC.
Cart rank 9 has SMA 6064.501. Received top: 6058.77, bottom: 6136.28, left: 6136.28, right: 6058.77.
Cart rank 9 sends report to base station.
	Alert time: 1634356881.50, Number of matches: 4, Coord: (2, 1)
Cart rank 0 has random sea height 5942.606445 at time 10/16/21 04:01:22 UTC.
Cart rank 15 has random sea height 5942.606445 at time 10/16/21 04:01:22 UTC.
BASE STATION received 4 report:
	Alert time: 1634356871.17, Number of matches: 3, Rank: 4, Coord: (1, 0)
Cart rank 10 has random sea height 5942.606445 at time 10/16/21 04:01:22 UTC.
Cart rank 5 has random sea height 5942.606445 at time 10/16/21 04:01:22 UTC.
Cart rank 11 has random sea height 6296.337891 at time 10/16/21 04:01:23 UTC.
Cart rank 11 has SMA 6066.934. Received top: 5775.66, bottom: 5993.43, left: 5993.43, right: -1.00.
Cart rank 1 has random sea height 6296.337891 at time 10/16/21 04:01:23 UTC.
Cart rank 1 has SMA 6066.934. Received top: -1.00, bottom: 5993.43, left: 5993.43, right: 5775.66.
Cart rank 6 has random sea height 6296.337891 at time 10/16/21 04:01:23 UTC.
Cart rank 6 has SMA 6066.934. Received top: 5775.66, bottom: 5993.43, left: 5993.43, right: 5775.66.
BASE STATION received 4 report:
	Alert time: 1634356876.27, Number of matches: 2, Rank: 4, Coord: (1, 0)
Cart rank 12 has random sea height 6159.883789 at time 10/16/21 04:01:24 UTC.
Cart rank 2 has random sea height 6159.883789 at time 10/16/21 04:01:24 UTC.
Cart rank 7 has random sea height 6159.883789 at time 10/16/21 04:01:24 UTC.
BASE STATION received 4 report:
	Alert time: 1634356881.27, Number of matches: 3, Rank: 4, Coord: (1, 0)
Cart rank 8 has random sea height 5510.145996 at time 10/16/21 04:01:25 UTC.
Cart rank 3 has random sea height 5510.145996 at time 10/16/21 04:01:25 UTC.
BASE STATION received 9 report:
	Alert time: 1634356871.44, Number of matches: 4, Rank: 9, Coord: (2, 1)
Cart rank 13 has random sea height 5510.145996 at time 10/16/21 04:01:25 UTC.
Cart rank 14 has random sea height 6375.365234 at time 10/16/21 04:01:26 UTC.
Cart rank 14 has SMA 6070.976. Received top: 5993.43, bottom: -1.00, left: 5998.24, right: 5993.43.
Cart rank 4 has random sea height 6375.365234 at time 10/16/21 04:01:26 UTC.
Cart rank 4 has SMA 6070.976. Received top: 5993.43, bottom: 5998.24, left: -1.00, right: 5993.43.
BASE STATION received 9 report:
	Alert time: 1634356876.44, Number of matches: 2, Rank: 9, Coord: (2, 1)
Cart rank 9 has random sea height 6375.365234 at time 10/16/21 04:01:26 UTC.
Cart rank 9 has SMA 6070.977. Received top: 5993.43, bottom: 5998.24, left: 5998.24, right: 5993.43.
Cart rank 0 has random sea height 6234.898438 at time 10/16/21 04:01:27 UTC.
Cart rank 0 has SMA 6071.870. Received top: -1.00, bottom: 6070.98, left: -1.00, right: 6066.93.
Cart rank 0 sends report to base station.
	Alert time: 1634356887.17, Number of matches: 2, Coord: (0, 0)
Cart rank 15 has random sea height 6234.898438 at time 10/16/21 04:01:27 UTC.
Cart rank 15 has SMA 6071.870. Received top: 6066.93, bottom: -1.00, left: 6070.98, right: -1.00.
Cart rank 15 sends report to base station.
	Alert time: 1634356887.17, Number of matches: 2, Coord: (3, 3)
BASE STATION received 9 report:
	Alert time: 1634356881.50, Number of matches: 4, Rank: 9, Coord: (2, 1)
Cart rank 10 has random sea height 6234.898438 at time 10/16/21 04:01:27 UTC.
Cart rank 10 has SMA 6071.870. Received top: 6066.93, bottom: 6070.98, left: 6070.98, right: 6066.93.
Cart rank 10 sends report to base station.
	Alert time: 1634356887.38, Number of matches: 4, Coord: (2, 2)
Cart rank 5 has random sea height 6234.898438 at time 10/16/21 04:01:27 UTC.
Cart rank 5 has SMA 6071.870. Received top: 6066.93, bottom: 6070.98, left: 6070.98, right: 6066.93.
Cart rank 5 sends report to base station.
	Alert time: 1634356887.48, Number of matches: 4, Coord: (1, 1)
Cart rank 11 has random sea height 5590.799316 at time 10/16/21 04:01:28 UTC.
Cart rank 11 has SMA 6001.378. Received top: 5853.82, bottom: 6071.87, left: 6071.87, right: -1.00.
Cart rank 11 sends report to base station.
	Alert time: 1634356888.19, Number of matches: 2, Coord: (2, 3)
Cart rank 1 has random sea height 5590.799316 at time 10/16/21 04:01:28 UTC.
Cart rank 1 has SMA 6001.378. Received top: -1.00, bottom: 6071.87, left: 6071.87, right: 5853.82.
Cart rank 1 sends report to base station.
	Alert time: 1634356888.21, Number of matches: 2, Coord: (0, 1)
Cart rank 6 has random sea height 5590.799316 at time 10/16/21 04:01:28 UTC.
Cart rank 6 has SMA 6001.378. Received top: 5853.82, bottom: 6071.87, left: 6071.87, right: 5853.82.
Cart rank 6 sends report to base station.
	Alert time: 1634356888.26, Number of matches: 2, Coord: (1, 2)
BASE STATION received 15 report:
	Alert time: 1634356872.17, Number of matches: 2, Rank: 15, Coord: (3, 3)
Cart rank 12 has random sea height 6446.885742 at time 10/16/21 04:01:29 UTC.
Cart rank 2 has random sea height 6446.885742 at time 10/16/21 04:01:29 UTC.
Cart rank 7 has random sea height 6446.885742 at time 10/16/21 04:01:29 UTC.
BASE STATION received 15 report:
	Alert time: 1634356877.17, Number of matches: 2, Rank: 15, Coord: (3, 3)
Cart rank 8 has random sea height 6309.206543 at time 10/16/21 04:01:30 UTC.
Cart rank 8 has SMA 6003.975. Received top: 6070.98, bottom: 5931.75, left: -1.00, right: 6070.98.
Cart rank 8 sends report to base station.
	Alert time: 1634356890.17, Number of matches: 2, Coord: (2, 0)
Cart rank 3 has random sea height 6309.206543 at time 10/16/21 04:01:30 UTC.
Cart rank 3 has SMA 6003.976. Received top: -1.00, bottom: 5931.75, left: 5931.75, right: -1.00.
BASE STATION received 15 report:
	Alert time: 1634356887.17, Number of matches: 2, Rank: 15, Coord: (3, 3)
Cart rank 13 has random sea height 6309.206543 at time 10/16/21 04:01:30 UTC.
Cart rank 13 has SMA 6003.975. Received top: 6070.98, bottom: -1.00, left: 5931.75, right: 6070.98.
Cart rank 13 sends report to base station.
	Alert time: 1634356890.30, Number of matches: 2, Coord: (3, 1)
Cart rank 14 has random sea height 6165.785645 at time 10/16/21 04:01:31 UTC.
Cart rank 14 has SMA 6077.149. Received top: 6071.87, bottom: -1.00, left: 6003.98, right: 6071.87.
Cart rank 14 sends report to base station.
	Alert time: 1634356891.17, Number of matches: 3, Coord: (3, 2)
Cart rank 4 has random sea height 6165.785645 at time 10/16/21 04:01:31 UTC.
Cart rank 4 has SMA 6077.149. Received top: 6071.87, bottom: 6003.98, left: -1.00, right: 6071.87.
Cart rank 4 sends report to base station.
	Alert time: 1634356891.27, Number of matches: 3, Coord: (1, 0)
BASE STATION received 0 report:
	Alert time: 1634356872.17, Number of matches: 2, Rank: 0, Coord: (0, 0)
Cart rank 9 has random sea height 6165.785645 at time 10/16/21 04:01:31 UTC.
Cart rank 9 has SMA 6077.149. Received top: 6071.87, bottom: 6003.98, left: 6003.98, right: 6071.87.
Cart rank 9 sends report to base station.
	Alert time: 1634356891.54, Number of matches: 4, Coord: (2, 1)
Cart rank 15 has random sea height 5524.280762 at time 10/16/21 04:01:32 UTC.
Cart rank 0 has random sea height 5524.280762 at time 10/16/21 04:01:32 UTC.
BASE STATION received 0 report:
	Alert time: 1634356877.17, Number of matches: 2, Rank: 0, Coord: (0, 0)
Cart rank 10 has random sea height 5524.280762 at time 10/16/21 04:01:32 UTC.
Cart rank 5 has random sea height 5524.280762 at time 10/16/21 04:01:32 UTC.
Cart rank 11 has random sea height 6384.289062 at time 10/16/21 04:01:33 UTC.
Cart rank 11 has SMA 6078.978. Received top: 5931.75, bottom: 5934.96, left: 5934.96, right: -1.00.
Cart rank 1 has random sea height 6384.289062 at time 10/16/21 04:01:33 UTC.
Cart rank 1 has SMA 6078.978. Received top: -1.00, bottom: 5934.96, left: 5934.96, right: 5931.75.
Cart rank 6 has random sea height 6384.289062 at time 10/16/21 04:01:33 UTC.
Cart rank 6 has SMA 6078.978. Received top: 5931.75, bottom: 5934.96, left: 5934.96, right: 5931.75.
BASE STATION received 0 report:
	Alert time: 1634356887.17, Number of matches: 2, Rank: 0, Coord: (0, 0)
Cart rank 2 has random sea height 6242.469727 at time 10/16/21 04:01:34 UTC.
Cart rank 2 has SMA 6008.854. Received top: -1.00, bottom: 6078.98, left: 6078.98, right: 6003.98.
Cart rank 12 has random sea height 6242.469727 at time 10/16/21 04:01:34 UTC.
Cart rank 12 has SMA 6008.854. Received top: 6003.98, bottom: -1.00, left: -1.00, right: 6003.98.
Cart rank 12 sends report to base station.
	Alert time: 1634356894.17, Number of matches: 2, Coord: (3, 0)
Cart rank 7 has random sea height 6242.469727 at time 10/16/21 04:01:34 UTC.
Cart rank 7 has SMA 6008.854. Received top: 6003.98, bottom: 6078.98, left: 6078.98, right: -1.00.
Cart rank 7 sends report to base station.
	Alert time: 1634356894.22, Number of matches: 3, Coord: (1, 3)
BASE STATION received 10 report:
	Alert time: 1634356872.37, Number of matches: 4, Rank: 10, Coord: (2, 2)
Cart rank 2 sends report to base station.
	Alert time: 1634356894.17, Number of matches: 3, Coord: (0, 2)
Cart rank 8 has random sea height 5598.283203 at time 10/16/21 04:01:35 UTC.
Cart rank 8 has SMA 6009.884. Received top: 6077.15, bottom: 6008.85, left: -1.00, right: 6077.15.
Cart rank 8 sends report to base station.
	Alert time: 1634356895.17, Number of matches: 3, Coord: (2, 0)
Cart rank 3 has random sea height 5598.283203 at time 10/16/21 04:01:35 UTC.
Cart rank 3 has SMA 6009.884. Received top: -1.00, bottom: 6008.85, left: 6008.85, right: -1.00.
Cart rank 3 sends report to base station.
	Alert time: 1634356895.23, Number of matches: 2, Coord: (0, 3)
BASE STATION received 10 report:
	Alert time: 1634356877.37, Number of matches: 4, Rank: 10, Coord: (2, 2)
Cart rank 13 has random sea height 5598.283203 at time 10/16/21 04:01:35 UTC.
Cart rank 13 has SMA 6009.884. Received top: 6077.15, bottom: -1.00, left: 6008.85, right: 6077.15.
Cart rank 13 sends report to base station.
	Alert time: 1634356895.30, Number of matches: 3, Coord: (3, 1)
Cart rank 14 has random sea height 5955.710938 at time 10/16/21 04:01:36 UTC.
Cart rank 14 has SMA 6011.446. Received top: 5934.96, bottom: -1.00, left: 6009.88, right: 5934.96.
Cart rank 4 has random sea height 5955.710938 at time 10/16/21 04:01:36 UTC.
Cart rank 4 has SMA 6011.446. Received top: 5934.96, bottom: 6009.88, left: -1.00, right: 5934.96.
BASE STATION received 10 report:
	Alert time: 1634356887.38, Number of matches: 4, Rank: 10, Coord: (2, 2)
Cart rank 9 has random sea height 5955.710938 at time 10/16/21 04:01:36 UTC.
Cart rank 9 has SMA 6011.446. Received top: 5934.96, bottom: 6009.88, left: 6009.88, right: 5934.96.
Cart rank 9 sends report to base station.
	Alert time: 1634356896.58, Number of matches: 2, Coord: (2, 1)
Cart rank 15 has random sea height 5816.826172 at time 10/16/21 04:01:37 UTC.
Cart rank 0 has random sea height 5816.826172 at time 10/16/21 04:01:37 UTC.
BASE STATION received 5 report:
	Alert time: 1634356872.48, Number of matches: 4, Rank: 5, Coord: (1, 1)
Cart rank 10 has random sea height 5816.826172 at time 10/16/21 04:01:37 UTC.
Cart rank 5 has random sea height 5816.826172 at time 10/16/21 04:01:37 UTC.
Cart rank 11 has random sea height 5673.433594 at time 10/16/21 04:01:38 UTC.
Cart rank 11 has SMA 6013.531. Received top: 6008.85, bottom: 5940.90, left: 5940.90, right: -1.00.
Cart rank 1 has random sea height 5673.433594 at time 10/16/21 04:01:38 UTC.
Cart rank 1 has SMA 6013.531. Received top: -1.00, bottom: 5940.90, left: 5940.90, right: 6008.85.
Cart rank 6 has random sea height 5673.433594 at time 10/16/21 04:01:38 UTC.
Cart rank 6 has SMA 6013.531. Received top: 6008.85, bottom: 5940.90, left: 5940.90, right: 6008.85.
Cart rank 6 sends report to base station.
	Alert time: 1634356898.26, Number of matches: 2, Coord: (1, 2)
BASE STATION received 5 report:
	Alert time: 1634356877.48, Number of matches: 4, Rank: 5, Coord: (1, 1)
Cart rank 12 has random sea height 6037.461914 at time 10/16/21 04:01:39 UTC.
Cart rank 12 has SMA 6015.672. Received top: 6009.88, bottom: -1.00, left: -1.00, right: 6009.88.
Cart rank 12 sends report to base station.
	Alert time: 1634356899.17, Number of matches: 2, Coord: (3, 0)
Cart rank 7 has random sea height 6037.461914 at time 10/16/21 04:01:39 UTC.
Cart rank 7 has SMA 6015.672. Received top: 6009.88, bottom: 6013.53, left: 6013.53, right: -1.00.
Cart rank 7 sends report to base station.
	Alert time: 1634356899.22, Number of matches: 3, Coord: (1, 3)
Cart rank 2 has random sea height 6037.461914 at time 10/16/21 04:01:39 UTC.
Cart rank 2 has SMA 6015.672. Received top: -1.00, bottom: 6013.53, left: 6013.53, right: 6009.88.
Cart rank 2 sends report to base station.
	Alert time: 1634356899.29, Number of matches: 3, Coord: (0, 2)
BASE STATION received 5 report:
	Alert time: 1634356887.48, Number of matches: 4, Rank: 5, Coord: (1, 1)
Cart rank 8 has random sea height 6395.281738 at time 10/16/21 04:01:40 UTC.
Cart rank 8 has SMA 6016.244. Received top: 6011.45, bottom: 6015.67, left: -1.00, right: 6011.45.
Cart rank 8 sends report to base station.
	Alert time: 1634356900.17, Number of matches: 3, Coord: (2, 0)
Cart rank 3 has random sea height 6395.281738 at time 10/16/21 04:01:40 UTC.
Cart rank 3 has SMA 6016.245. Received top: -1.00, bottom: 6015.67, left: 6015.67, right: -1.00.
Cart rank 3 sends report to base station.
	Alert time: 1634356900.23, Number of matches: 2, Coord: (0, 3)
BASE STATION received 1 report:
	Alert time: 1634356873.20, Number of matches: 2, Rank: 1, Coord: (0, 1)
Cart rank 13 has random sea height 6395.281738 at time 10/16/21 04:01:40 UTC.
Cart rank 13 has SMA 6016.244. Received top: 6011.45, bottom: -1.00, left: 6015.67, right: 6011.45.
Cart rank 13 sends report to base station.
	Alert time: 1634356900.30, Number of matches: 3, Coord: (3, 1)
Cart rank 14 has random sea height 6248.725586 at time 10/16/21 04:01:41 UTC.
Cart rank 14 has SMA 6017.103. Received top: 5940.90, bottom: -1.00, left: 6016.24, right: 5940.90.
Cart rank 4 has random sea height 6248.725586 at time 10/16/21 04:01:41 UTC.
Cart rank 4 has SMA 6017.103. Received top: 5940.90, bottom: 6016.24, left: -1.00, right: 5940.90.
BASE STATION received 1 report:
	Alert time: 1634356878.21, Number of matches: 2, Rank: 1, Coord: (0, 1)
Cart rank 9 has random sea height 6248.725586 at time 10/16/21 04:01:41 UTC.
Cart rank 9 has SMA 6017.104. Received top: 5940.90, bottom: 6016.24, left: 6016.24, right: 5940.90.
Cart rank 9 sends report to base station.
	Alert time: 1634356901.60, Number of matches: 2, Coord: (2, 1)
Cart rank 15 has random sea height 5607.526367 at time 10/16/21 04:01:42 UTC.
Cart rank 0 has random sea height 5607.526367 at time 10/16/21 04:01:42 UTC.
BASE STATION received 1 report:
	Alert time: 1634356888.21, Number of matches: 2, Rank: 1, Coord: (0, 1)
Cart rank 10 has random sea height 5607.526367 at time 10/16/21 04:01:42 UTC.
Cart rank 5 has random sea height 5607.526367 at time 10/16/21 04:01:42 UTC.
Cart rank 11 has random sea height 5972.233398 at time 10/16/21 04:01:43 UTC.
Cart rank 1 has random sea height 5972.233398 at time 10/16/21 04:01:43 UTC.
Cart rank 6 has random sea height 5972.233398 at time 10/16/21 04:01:43 UTC.
BASE STATION received 11 report:
	Alert time: 1634356878.19, Number of matches: 2, Rank: 11, Coord: (2, 3)
Cart rank 12 has random sea height 5825.063477 at time 10/16/21 04:01:44 UTC.
Cart rank 12 has SMA 6021.923. Received top: 6016.24, bottom: -1.00, left: -1.00, right: 6016.24.
Cart rank 12 sends report to base station.
	Alert time: 1634356904.17, Number of matches: 2, Coord: (3, 0)
Cart rank 7 has random sea height 5825.063477 at time 10/16/21 04:01:44 UTC.
Cart rank 7 has SMA 6021.922. Received top: 6016.24, bottom: 5949.14, left: 5949.14, right: -1.00.
Cart rank 2 has random sea height 5825.063477 at time 10/16/21 04:01:44 UTC.
Cart rank 2 has SMA 6021.922. Received top: -1.00, bottom: 5949.14, left: 5949.14, right: 6016.24.
BASE STATION received 11 report:
	Alert time: 1634356888.19, Number of matches: 2, Rank: 11, Coord: (2, 3)
Cart rank 8 has random sea height 6188.508789 at time 10/16/21 04:01:45 UTC.
Cart rank 8 has SMA 6022.763. Received top: 6017.10, bottom: 6021.92, left: -1.00, right: 6017.10.
Cart rank 8 sends report to base station.
	Alert time: 1634356905.17, Number of matches: 3, Coord: (2, 0)
Cart rank 3 has random sea height 6188.508789 at time 10/16/21 04:01:45 UTC.
Cart rank 3 has SMA 6022.763. Received top: -1.00, bottom: 6021.92, left: 6021.92, right: -1.00.
Cart rank 3 sends report to base station.
	Alert time: 1634356905.23, Number of matches: 2, Coord: (0, 3)
BASE STATION received 6 report:
	Alert time: 1634356878.26, Number of matches: 2, Rank: 6, Coord: (1, 2)
Cart rank 13 has random sea height 6188.508789 at time 10/16/21 04:01:45 UTC.
Cart rank 13 has SMA 6022.763. Received top: 6017.10, bottom: -1.00, left: 6021.92, right: 6017.10.
Cart rank 13 sends report to base station.
	Alert time: 1634356905.30, Number of matches: 3, Coord: (3, 1)
Cart rank 14 has random sea height 5543.371094 at time 10/16/21 04:01:46 UTC.
Cart rank 4 has random sea height 5543.371094 at time 10/16/21 04:01:46 UTC.
BASE STATION received 6 report:
	Alert time: 1634356888.26, Number of matches: 2, Rank: 6, Coord: (1, 2)
Cart rank 9 has random sea height 5543.371094 at time 10/16/21 04:01:46 UTC.
Cart rank 15 has random sea height 6400.983398 at time 10/16/21 04:01:47 UTC.
Cart rank 0 has random sea height 6400.983398 at time 10/16/21 04:01:47 UTC.
BASE STATION received 6 report:
	Alert time: 1634356898.26, Number of matches: 2, Rank: 6, Coord: (1, 2)
Cart rank 10 has random sea height 6400.983398 at time 10/16/21 04:01:47 UTC.
Cart rank 5 has random sea height 6400.983398 at time 10/16/21 04:01:47 UTC.
Cart rank 11 has random sea height 6257.834961 at time 10/16/21 04:01:48 UTC.
Cart rank 1 has random sea height 6257.834961 at time 10/16/21 04:01:48 UTC.
Cart rank 6 has random sea height 6257.834961 at time 10/16/21 04:01:48 UTC.
BASE STATION received 8 report:
	Alert time: 1634356880.17, Number of matches: 2, Rank: 8, Coord: (2, 0)
Cart rank 12 has random sea height 5612.964355 at time 10/16/21 04:01:49 UTC.
Cart rank 12 has SMA 6027.243. Received top: 6022.76, bottom: -1.00, left: -1.00, right: 6022.76.
Cart rank 12 sends report to base station.
	Alert time: 1634356909.17, Number of matches: 2, Coord: (3, 0)
Cart rank 7 has random sea height 5612.964355 at time 10/16/21 04:01:49 UTC.
Cart rank 7 has SMA 6027.242. Received top: 6022.76, bottom: 5954.91, left: 5954.91, right: -1.00.
Cart rank 2 has random sea height 5612.964355 at time 10/16/21 04:01:49 UTC.
Cart rank 2 has SMA 6027.242. Received top: -1.00, bottom: 5954.91, left: 5954.91, right: 6022.76.
BASE STATION received 8 report:
	Alert time: 1634356890.17, Number of matches: 2, Rank: 8, Coord: (2, 0)
Cart rank 8 has random sea height 6474.848145 at time 10/16/21 04:01:50 UTC.
Cart rank 8 has SMA 6028.629. Received top: 5951.86, bottom: 6027.24, left: -1.00, right: 5951.86.
Cart rank 3 has random sea height 6474.848145 at time 10/16/21 04:01:50 UTC.
Cart rank 3 has SMA 6028.629. Received top: -1.00, bottom: 6027.24, left: 6027.24, right: -1.00.
Cart rank 3 sends report to base station.
	Alert time: 1634356910.23, Number of matches: 2, Coord: (0, 3)
Cart rank 13 has random sea height 6474.848145 at time 10/16/21 04:01:50 UTC.
Cart rank 13 has SMA 6028.629. Received top: 5951.86, bottom: -1.00, left: 6027.24, right: 5951.86.
BASE STATION received 8 report:
	Alert time: 1634356895.17, Number of matches: 3, Rank: 8, Coord: (2, 0)
Cart rank 14 has random sea height 6334.094727 at time 10/16/21 04:01:51 UTC.
Cart rank 14 has SMA 6030.035. Received top: 5953.58, bottom: -1.00, left: 6028.63, right: 5953.58.
Cart rank 4 has random sea height 6334.094727 at time 10/16/21 04:01:51 UTC.
Cart rank 4 has SMA 6030.035. Received top: 5953.58, bottom: 6028.63, left: -1.00, right: 5953.58.
BASE STATION received 8 report:
	Alert time: 1634356900.17, Number of matches: 3, Rank: 8, Coord: (2, 0)
Cart rank 9 has random sea height 6334.094727 at time 10/16/21 04:01:51 UTC.
Cart rank 9 has SMA 6030.035. Received top: 5953.58, bottom: 6028.63, left: 6028.63, right: 5953.58.
Cart rank 9 sends report to base station.
	Alert time: 1634356911.60, Number of matches: 2, Coord: (2, 1)
Cart rank 15 has random sea height 6194.489258 at time 10/16/21 04:01:52 UTC.
Cart rank 0 has random sea height 6194.489258 at time 10/16/21 04:01:52 UTC.
Cart rank 10 has random sea height 6194.489258 at time 10/16/21 04:01:52 UTC.
Cart rank 10 received terminate from base station.
Cart rank 5 has random sea height 6194.489258 at time 10/16/21 04:01:52 UTC.
Cart rank 5 received terminate from base station.
Cart rank 11 has random sea height 5547.652344 at time 10/16/21 04:01:53 UTC.
Cart rank 11 received terminate from base station.
Cart rank 1 has random sea height 5547.652344 at time 10/16/21 04:01:53 UTC.
Cart rank 1 received terminate from base station.
Cart rank 6 has random sea height 5547.652344 at time 10/16/21 04:01:53 UTC.
Cart rank 6 received terminate from base station.
Cart rank 12 has random sea height 6407.791016 at time 10/16/21 04:01:54 UTC.
Cart rank 12 has SMA 6104.646. Received top: 6028.63, bottom: -1.00, left: -1.00, right: 6028.63.
Cart rank 12 sends report to base station.
	Alert time: 1634356914.17, Number of matches: 2, Coord: (3, 0)
Cart rank 12 received terminate from base station.
Cart rank 7 has random sea height 6407.791016 at time 10/16/21 04:01:54 UTC.
Cart rank 2 has random sea height 6407.791016 at time 10/16/21 04:01:54 UTC.
Cart rank 8 has random sea height 6266.761230 at time 10/16/21 04:01:55 UTC.
Cart rank 3 has random sea height 6266.761230 at time 10/16/21 04:01:55 UTC.
Cart rank 3 has SMA 6106.148. Received top: -1.00, bottom: 6104.65, left: 6104.65, right: -1.00.
Cart rank 3 sends report to base station.
	Alert time: 1634356915.23, Number of matches: 2, Coord: (0, 3)
Cart rank 3 received terminate from base station.
Cart rank 13 has random sea height 6266.761230 at time 10/16/21 04:01:55 UTC.
Cart rank 14 has random sea height 6125.230469 at time 10/16/21 04:01:56 UTC.
Cart rank 4 has random sea height 6125.230469 at time 10/16/21 04:01:56 UTC.
Cart rank 9 has random sea height 6125.230469 at time 10/16/21 04:01:56 UTC.
Cart rank 0 has random sea height 5980.569336 at time 10/16/21 04:01:57 UTC.
Cart rank 0 received terminate from base station.
Cart rank 15 has random sea height 5980.569336 at time 10/16/21 04:01:57 UTC.
Cart rank 15 received terminate from base station.
Cart rank 7 time taken 10.00 hence cancel all requests.
Cart rank 7 received terminate from base station.
Cart rank 2 time taken 10.00 hence cancel all requests.
Cart rank 2 received terminate from base station.
Cart rank 8 time taken 10.00 hence cancel all requests.
Cart rank 8 received terminate from base station.
Cart rank 13 time taken 10.00 hence cancel all requests.
Cart rank 13 received terminate from base station.
Cart rank 14 time taken 10.00 hence cancel all requests.
Cart rank 14 received terminate from base station.
Cart rank 4 time taken 10.00 hence cancel all requests.
Cart rank 4 received terminate from base station.
Cart rank 9 time taken 10.00 hence cancel all requests.
Cart rank 9 received terminate from base station.
